#
# There is insufficient memory for the Java Runtime Environment to continue.
# Native memory allocation (malloc) failed to allocate 1214256 bytes. Error detail: Chunk::new
# Possible reasons:
#   The system is out of physical RAM or swap space
#   This process is running with CompressedOops enabled, and the Java Heap may be blocking the growth of the native heap
# Possible solutions:
#   Reduce memory load on the system
#   Increase physical memory or swap space
#   Check if swap backing store is full
#   Decrease Java heap size (-Xmx/-Xms)
#   Decrease number of Java threads
#   Decrease Java thread stack sizes (-Xss)
#   Set larger code cache with -XX:ReservedCodeCacheSize=
#   JVM is running with Unscaled Compressed Oops mode in which the Java heap is
#     placed in the first 4GB address space. The Java Heap base address is the
#     maximum limit for the native heap growth. Please use -XX:HeapBaseMinAddress
#     to set the Java Heap base and to place the Java Heap above 4GB virtual address.
# This output file may be truncated or incomplete.
#
#  Out of Memory Error (arena.cpp:168), pid=22280, tid=12376
#
# JRE version: OpenJDK Runtime Environment Temurin-21.0.9+10 (21.0.9+10) (build 21.0.9+10-LTS)
# Java VM: OpenJDK 64-Bit Server VM Temurin-21.0.9+10 (21.0.9+10-LTS, mixed mode, sharing, tiered, compressed oops, compressed class ptrs, parallel gc, windows-amd64)
# No core dump will be written. Minidumps are not enabled by default on client versions of Windows
#

---------------  S U M M A R Y ------------

Command Line: --add-modules=ALL-SYSTEM --add-opens=java.base/java.util=ALL-UNNAMED --add-opens=java.base/java.lang=ALL-UNNAMED --add-opens=java.base/sun.nio.fs=ALL-UNNAMED -Declipse.application=org.eclipse.jdt.ls.core.id1 -Dosgi.bundles.defaultStartLevel=4 -Declipse.product=org.eclipse.jdt.ls.core.product -Djava.import.generatesMetadataFilesAtProjectRoot=false -DDetectVMInstallationsJob.disabled=true -Dfile.encoding=utf8 -XX:+UseParallelGC -XX:GCTimeRatio=4 -XX:AdaptiveSizePolicyWeight=90 -Dsun.zip.disableMemoryMapping=true -Xmx2G -Xms100m -Xlog:disable -javaagent:c:\Users\ilyes\.vscode\extensions\redhat.java-1.49.0-win32-x64\lombok\lombok-1.18.39-4050.jar -XX:+HeapDumpOnOutOfMemoryError -XX:HeapDumpPath=c:\Users\ilyes\AppData\Roaming\Code\User\workspaceStorage\cdbb154c360221db173f0bf144de973e\redhat.java -Daether.dependencyCollector.impl=bf c:\Users\ilyes\.vscode\extensions\redhat.java-1.49.0-win32-x64\server\plugins\org.eclipse.equinox.launcher_1.7.100.v20251111-0406.jar -configuration c:\Users\ilyes\AppData\Roaming\Code\User\globalStorage\redhat.java\1.49.0\config_win -data c:\Users\ilyes\AppData\Roaming\Code\User\workspaceStorage\cdbb154c360221db173f0bf144de973e\redhat.java\jdt_ws --pipe=\\.\pipe\lsp-8e9e4f826ab8686c55b79ea39f8dc16e-sock

Host: 13th Gen Intel(R) Core(TM) i7-13650HX, 20 cores, 15G,  Windows 11 , 64 bit Build 26100 (10.0.26100.7019)
Time: Thu Nov 20 04:08:36 2025 Afr. centrale Ouest elapsed time: 8.391621 seconds (0d 0h 0m 8s)

---------------  T H R E A D  ---------------

Current thread (0x0000021541110e20):  JavaThread "C2 CompilerThread3" daemon [_thread_in_native, id=12376, stack(0x0000009529900000,0x0000009529a00000) (1024K)]


Current CompileTask:
C2:8391 8799       4       java.lang.invoke.MethodType::makeImpl (109 bytes)

Stack: [0x0000009529900000,0x0000009529a00000]
Native frames: (J=compiled Java code, j=interpreted, Vv=VM code, C=native code)
V  [jvm.dll+0x6d6e29]
V  [jvm.dll+0x8b4b76]
V  [jvm.dll+0x8b712e]
V  [jvm.dll+0x8b7813]
V  [jvm.dll+0x283d86]
V  [jvm.dll+0xc66ed]
V  [jvm.dll+0xc6c31]
V  [jvm.dll+0x3be501]
V  [jvm.dll+0x1e3d59]
V  [jvm.dll+0x24c0f3]
V  [jvm.dll+0x24b580]
V  [jvm.dll+0x1cb13e]
V  [jvm.dll+0x25b29d]
V  [jvm.dll+0x25982a]
V  [jvm.dll+0x3f7ea6]
V  [jvm.dll+0x85e9ad]
V  [jvm.dll+0x6d565d]
C  [ucrtbase.dll+0x37b0]
C  [KERNEL32.DLL+0x2e8d7]
C  [ntdll.dll+0x8c53c]


---------------  P R O C E S S  ---------------

Threads class SMR info:
_java_thread_list=0x00000215447e17d0, length=77, elements={
0x000002155dc8c9e0, 0x0000021560169720, 0x000002156016a630, 0x000002156016f5b0,
0x0000021560170130, 0x00000215601714f0, 0x00000215601768d0, 0x000002156017da10,
0x000002156017e550, 0x0000021577f5bad0, 0x0000021577f5c170, 0x0000021577f91fc0,
0x00000215780c0520, 0x000002157e06c800, 0x000002157ee76100, 0x000002157e9e9870,
0x000002157ef8e220, 0x000002157ef8e880, 0x000002157ef68090, 0x000002157effe7a0,
0x000002157f1664a0, 0x000002157f169290, 0x000002157f1671c0, 0x000002157f165e10,
0x000002157f167850, 0x000002157f167ee0, 0x000002157f168570, 0x000002157f168c00,
0x0000021542a3d4e0, 0x0000021542a3e890, 0x0000021542a3fc40, 0x0000021542a402d0,
0x0000021542a3ef20, 0x0000021542a40960, 0x0000021542a40ff0, 0x0000021542a3f5b0,
0x0000021542a3db70, 0x0000021542a41680, 0x0000021542a3e200, 0x0000021542a41d10,
0x0000021542a43750, 0x0000021542a42a30, 0x0000021542a430c0, 0x0000021542a43de0,
0x0000021542a44470, 0x0000021542a44b00, 0x0000021542a423a0, 0x000002154307bd10,
0x0000021543078890, 0x0000021543079c40, 0x000002154307c3a0, 0x000002154307a2d0,
0x000002154307b680, 0x000002154307a960, 0x0000021543078f20, 0x000002154307aff0,
0x000002154307ca30, 0x00000215430795b0, 0x000002154307feb0, 0x000002154307d0c0,
0x000002154307d750, 0x000002154307f190, 0x000002154307f820, 0x000002154307dde0,
0x000002154307e470, 0x000002154307eb00, 0x0000021541a4fa60, 0x0000021541a4c5e0,
0x0000021541a4cc70, 0x0000021541a4f3d0, 0x00000215411114f0, 0x0000021541110080,
0x0000021541110e20, 0x0000021541111bc0, 0x00000215435a2450, 0x00000215435a2b20,
0x00000215435a4660
}

Java Threads: ( => current thread )
  0x000002155dc8c9e0 JavaThread "main"                              [_thread_blocked, id=10800, stack(0x0000009528000000,0x0000009528100000) (1024K)]
  0x0000021560169720 JavaThread "Reference Handler"          daemon [_thread_blocked, id=10404, stack(0x0000009528400000,0x0000009528500000) (1024K)]
  0x000002156016a630 JavaThread "Finalizer"                  daemon [_thread_blocked, id=27528, stack(0x0000009528500000,0x0000009528600000) (1024K)]
  0x000002156016f5b0 JavaThread "Signal Dispatcher"          daemon [_thread_blocked, id=19992, stack(0x0000009528600000,0x0000009528700000) (1024K)]
  0x0000021560170130 JavaThread "Attach Listener"            daemon [_thread_blocked, id=19396, stack(0x0000009528700000,0x0000009528800000) (1024K)]
  0x00000215601714f0 JavaThread "Service Thread"             daemon [_thread_blocked, id=26860, stack(0x0000009528800000,0x0000009528900000) (1024K)]
  0x00000215601768d0 JavaThread "Monitor Deflation Thread"   daemon [_thread_blocked, id=25532, stack(0x0000009528900000,0x0000009528a00000) (1024K)]
  0x000002156017da10 JavaThread "C2 CompilerThread0"         daemon [_thread_in_native, id=15312, stack(0x0000009528a00000,0x0000009528b00000) (1024K)]
  0x000002156017e550 JavaThread "C1 CompilerThread0"         daemon [_thread_in_native, id=19120, stack(0x0000009528b00000,0x0000009528c00000) (1024K)]
  0x0000021577f5bad0 JavaThread "C1 CompilerThread1"         daemon [_thread_blocked, id=22408, stack(0x0000009528c00000,0x0000009528d00000) (1024K)]
  0x0000021577f5c170 JavaThread "C1 CompilerThread2"         daemon [_thread_blocked, id=2496, stack(0x0000009528d00000,0x0000009528e00000) (1024K)]
  0x0000021577f91fc0 JavaThread "C1 CompilerThread3"         daemon [_thread_blocked, id=13824, stack(0x0000009528e00000,0x0000009528f00000) (1024K)]
  0x00000215780c0520 JavaThread "Common-Cleaner"             daemon [_thread_blocked, id=16484, stack(0x0000009529100000,0x0000009529200000) (1024K)]
  0x000002157e06c800 JavaThread "Notification Thread"        daemon [_thread_blocked, id=22232, stack(0x0000009529200000,0x0000009529300000) (1024K)]
  0x000002157ee76100 JavaThread "Active Thread: Equinox Container: 97481c1f-d1ea-4ac1-9ab1-bfa9c1d257b5"        [_thread_blocked, id=12708, stack(0x0000009529a00000,0x0000009529b00000) (1024K)]
  0x000002157e9e9870 JavaThread "Refresh Thread: Equinox Container: 97481c1f-d1ea-4ac1-9ab1-bfa9c1d257b5" daemon [_thread_blocked, id=22956, stack(0x0000009529c00000,0x0000009529d00000) (1024K)]
  0x000002157ef8e220 JavaThread "Framework Event Dispatcher: Equinox Container: 97481c1f-d1ea-4ac1-9ab1-bfa9c1d257b5" daemon [_thread_blocked, id=21096, stack(0x0000009529d00000,0x0000009529e00000) (1024K)]
  0x000002157ef8e880 JavaThread "Start Level: Equinox Container: 97481c1f-d1ea-4ac1-9ab1-bfa9c1d257b5" daemon [_thread_blocked, id=14672, stack(0x0000009529e00000,0x0000009529f00000) (1024K)]
  0x000002157ef68090 JavaThread "Bundle File Closer"         daemon [_thread_blocked, id=17960, stack(0x000000952a200000,0x000000952a300000) (1024K)]
  0x000002157effe7a0 JavaThread "SCR Component Actor"        daemon [_thread_blocked, id=11384, stack(0x000000952a300000,0x000000952a400000) (1024K)]
  0x000002157f1664a0 JavaThread "Worker-JM"                         [_thread_blocked, id=13284, stack(0x000000952a500000,0x000000952a600000) (1024K)]
  0x000002157f169290 JavaThread "JNA Cleaner"                daemon [_thread_blocked, id=15508, stack(0x000000952a800000,0x000000952a900000) (1024K)]
  0x000002157f1671c0 JavaThread "Worker-0"                          [_thread_blocked, id=5236, stack(0x000000952a900000,0x000000952aa00000) (1024K)]
  0x000002157f165e10 JavaThread "Worker-1: Initialize Workspace"        [_thread_blocked, id=2336, stack(0x000000952aa00000,0x000000952ab00000) (1024K)]
  0x000002157f167850 JavaThread "Java indexing"              daemon [_thread_blocked, id=13492, stack(0x000000952ac00000,0x000000952ad00000) (1024K)]
  0x000002157f167ee0 JavaThread "Worker-2"                          [_thread_blocked, id=7232, stack(0x000000952af00000,0x000000952b000000) (1024K)]
  0x000002157f168570 JavaThread "Worker-3: Initialize workspace"        [_thread_in_vm, id=18048, stack(0x000000952b000000,0x000000952b100000) (1024K)]
  0x000002157f168c00 JavaThread "Thread-1"                   daemon [_thread_in_native, id=24248, stack(0x000000952b100000,0x000000952b200000) (1024K)]
  0x0000021542a3d4e0 JavaThread "Thread-2"                   daemon [_thread_in_native, id=17976, stack(0x000000952b200000,0x000000952b300000) (1024K)]
  0x0000021542a3e890 JavaThread "Thread-3"                   daemon [_thread_in_native, id=2792, stack(0x000000952b300000,0x000000952b400000) (1024K)]
  0x0000021542a3fc40 JavaThread "Thread-4"                   daemon [_thread_in_native, id=11308, stack(0x000000952b400000,0x000000952b500000) (1024K)]
  0x0000021542a402d0 JavaThread "Thread-5"                   daemon [_thread_in_native, id=19688, stack(0x000000952b500000,0x000000952b600000) (1024K)]
  0x0000021542a3ef20 JavaThread "Thread-6"                   daemon [_thread_in_native, id=25868, stack(0x000000952b600000,0x000000952b700000) (1024K)]
  0x0000021542a40960 JavaThread "Thread-7"                   daemon [_thread_in_native, id=24536, stack(0x000000952b700000,0x000000952b800000) (1024K)]
  0x0000021542a40ff0 JavaThread "Thread-8"                   daemon [_thread_in_native, id=20356, stack(0x000000952b800000,0x000000952b900000) (1024K)]
  0x0000021542a3f5b0 JavaThread "Thread-9"                   daemon [_thread_in_native, id=23756, stack(0x000000952b900000,0x000000952ba00000) (1024K)]
  0x0000021542a3db70 JavaThread "Thread-10"                  daemon [_thread_in_native, id=23712, stack(0x000000952ba00000,0x000000952bb00000) (1024K)]
  0x0000021542a41680 JavaThread "Thread-11"                  daemon [_thread_in_native, id=4052, stack(0x000000952bb00000,0x000000952bc00000) (1024K)]
  0x0000021542a3e200 JavaThread "Thread-12"                  daemon [_thread_in_native, id=23372, stack(0x000000952bc00000,0x000000952bd00000) (1024K)]
  0x0000021542a41d10 JavaThread "Thread-13"                  daemon [_thread_in_native, id=13172, stack(0x000000952bd00000,0x000000952be00000) (1024K)]
  0x0000021542a43750 JavaThread "Thread-14"                  daemon [_thread_in_native, id=14320, stack(0x000000952be00000,0x000000952bf00000) (1024K)]
  0x0000021542a42a30 JavaThread "Thread-15"                  daemon [_thread_in_native, id=27360, stack(0x000000952bf00000,0x000000952c000000) (1024K)]
  0x0000021542a430c0 JavaThread "Thread-16"                  daemon [_thread_in_native, id=2300, stack(0x000000952c000000,0x000000952c100000) (1024K)]
  0x0000021542a43de0 JavaThread "Thread-17"                  daemon [_thread_in_native, id=5516, stack(0x000000952c100000,0x000000952c200000) (1024K)]
  0x0000021542a44470 JavaThread "Thread-18"                  daemon [_thread_in_native, id=25184, stack(0x000000952c200000,0x000000952c300000) (1024K)]
  0x0000021542a44b00 JavaThread "Thread-19"                  daemon [_thread_in_native, id=3468, stack(0x000000952c300000,0x000000952c400000) (1024K)]
  0x0000021542a423a0 JavaThread "Thread-20"                  daemon [_thread_in_native, id=24968, stack(0x000000952c400000,0x000000952c500000) (1024K)]
  0x000002154307bd10 JavaThread "Thread-21"                  daemon [_thread_in_native, id=13044, stack(0x000000952c500000,0x000000952c600000) (1024K)]
  0x0000021543078890 JavaThread "pool-2-thread-1"                   [_thread_blocked, id=24388, stack(0x000000952c600000,0x000000952c700000) (1024K)]
  0x0000021543079c40 JavaThread "WorkspaceEventsHandler"            [_thread_blocked, id=3308, stack(0x000000952c900000,0x000000952ca00000) (1024K)]
  0x000002154307c3a0 JavaThread "pool-1-thread-1"                   [_thread_blocked, id=16216, stack(0x000000952ca00000,0x000000952cb00000) (1024K)]
  0x000002154307a2d0 JavaThread "ForkJoinPool.commonPool-worker-1" daemon [_thread_blocked, id=5180, stack(0x000000952cc00000,0x000000952cd00000) (1024K)]
  0x000002154307b680 JavaThread "ForkJoinPool.commonPool-worker-2" daemon [_thread_blocked, id=22780, stack(0x000000952cd00000,0x000000952ce00000) (1024K)]
  0x000002154307a960 JavaThread "ForkJoinPool.commonPool-worker-3" daemon [_thread_blocked, id=8020, stack(0x000000952ce00000,0x000000952cf00000) (1024K)]
  0x0000021543078f20 JavaThread "ForkJoinPool.commonPool-worker-4" daemon [_thread_blocked, id=3404, stack(0x000000952cf00000,0x000000952d000000) (1024K)]
  0x000002154307aff0 JavaThread "ForkJoinPool.commonPool-worker-5" daemon [_thread_blocked, id=2392, stack(0x000000952d000000,0x000000952d100000) (1024K)]
  0x000002154307ca30 JavaThread "ForkJoinPool.commonPool-worker-6" daemon [_thread_blocked, id=22752, stack(0x000000952d100000,0x000000952d200000) (1024K)]
  0x00000215430795b0 JavaThread "ForkJoinPool.commonPool-worker-7" daemon [_thread_blocked, id=25500, stack(0x000000952d200000,0x000000952d300000) (1024K)]
  0x000002154307feb0 JavaThread "ForkJoinPool.commonPool-worker-8" daemon [_thread_blocked, id=5192, stack(0x000000952d300000,0x000000952d400000) (1024K)]
  0x000002154307d0c0 JavaThread "ForkJoinPool.commonPool-worker-9" daemon [_thread_blocked, id=21420, stack(0x000000952d400000,0x000000952d500000) (1024K)]
  0x000002154307d750 JavaThread "ForkJoinPool.commonPool-worker-10" daemon [_thread_blocked, id=19616, stack(0x000000952d500000,0x000000952d600000) (1024K)]
  0x000002154307f190 JavaThread "ForkJoinPool.commonPool-worker-11" daemon [_thread_blocked, id=13876, stack(0x000000952d600000,0x000000952d700000) (1024K)]
  0x000002154307f820 JavaThread "ForkJoinPool.commonPool-worker-12" daemon [_thread_blocked, id=21880, stack(0x000000952d700000,0x000000952d800000) (1024K)]
  0x000002154307dde0 JavaThread "ForkJoinPool.commonPool-worker-13" daemon [_thread_blocked, id=27632, stack(0x000000952d800000,0x000000952d900000) (1024K)]
  0x000002154307e470 JavaThread "ForkJoinPool.commonPool-worker-14" daemon [_thread_blocked, id=3340, stack(0x000000952d900000,0x000000952da00000) (1024K)]
  0x000002154307eb00 JavaThread "ForkJoinPool.commonPool-worker-15" daemon [_thread_blocked, id=21048, stack(0x000000952da00000,0x000000952db00000) (1024K)]
  0x0000021541a4fa60 JavaThread "ForkJoinPool.commonPool-worker-16" daemon [_thread_blocked, id=14248, stack(0x000000952db00000,0x000000952dc00000) (1024K)]
  0x0000021541a4c5e0 JavaThread "ForkJoinPool.commonPool-worker-17" daemon [_thread_blocked, id=14172, stack(0x000000952dc00000,0x000000952dd00000) (1024K)]
  0x0000021541a4cc70 JavaThread "ForkJoinPool.commonPool-worker-18" daemon [_thread_blocked, id=22020, stack(0x000000952dd00000,0x000000952de00000) (1024K)]
  0x0000021541a4f3d0 JavaThread "ForkJoinPool.commonPool-worker-19" daemon [_thread_blocked, id=18928, stack(0x000000952de00000,0x000000952df00000) (1024K)]
  0x00000215411114f0 JavaThread "C2 CompilerThread1"         daemon [_thread_in_native, id=21548, stack(0x0000009528f00000,0x0000009529000000) (1024K)]
  0x0000021541110080 JavaThread "C2 CompilerThread2"         daemon [_thread_in_native, id=3140, stack(0x0000009529000000,0x0000009529100000) (1024K)]
=>0x0000021541110e20 JavaThread "C2 CompilerThread3"         daemon [_thread_in_native, id=12376, stack(0x0000009529900000,0x0000009529a00000) (1024K)]
  0x0000021541111bc0 JavaThread "C2 CompilerThread4"         daemon [_thread_in_native, id=9532, stack(0x000000952c700000,0x000000952c800000) (1024K)]
  0x00000215435a2450 JavaThread "C2 CompilerThread5"         daemon [_thread_in_native, id=27520, stack(0x000000952c800000,0x000000952c900000) (1024K)]
  0x00000215435a2b20 JavaThread "C2 CompilerThread6"         daemon [_thread_in_native, id=2648, stack(0x000000952cb00000,0x000000952cc00000) (1024K)]
  0x00000215435a4660 JavaThread "C2 CompilerThread7"         daemon [_thread_in_native, id=1280, stack(0x000000952df00000,0x000000952e000000) (1024K)]
Total: 77

Other Threads:
  0x0000021560160b70 VMThread "VM Thread"                           [id=19572, stack(0x0000009528300000,0x0000009528400000) (1024K)]
  0x000002155ff4ba00 WatcherThread "VM Periodic Task Thread"        [id=18236, stack(0x0000009528200000,0x0000009528300000) (1024K)]
  0x00000215600e2700 WorkerThread "GC Thread#0"                     [id=26148, stack(0x0000009528100000,0x0000009528200000) (1024K)]
  0x000002157e5452a0 WorkerThread "GC Thread#1"                     [id=16292, stack(0x0000009529300000,0x0000009529400000) (1024K)]
  0x000002157e0dc690 WorkerThread "GC Thread#2"                     [id=26012, stack(0x0000009529400000,0x0000009529500000) (1024K)]
  0x000002157e283ff0 WorkerThread "GC Thread#3"                     [id=9468, stack(0x0000009529500000,0x0000009529600000) (1024K)]
  0x000002157e0dddd0 WorkerThread "GC Thread#4"                     [id=25120, stack(0x0000009529600000,0x0000009529700000) (1024K)]
  0x000002157e6441e0 WorkerThread "GC Thread#5"                     [id=3360, stack(0x0000009529700000,0x0000009529800000) (1024K)]
  0x000002157e644580 WorkerThread "GC Thread#6"                     [id=5652, stack(0x0000009529800000,0x0000009529900000) (1024K)]
  0x000002157ea12310 WorkerThread "GC Thread#7"                     [id=12792, stack(0x0000009529b00000,0x0000009529c00000) (1024K)]
  0x000002157e9d0280 WorkerThread "GC Thread#8"                     [id=21588, stack(0x0000009529f00000,0x000000952a000000) (1024K)]
  0x000002157f22fb40 WorkerThread "GC Thread#9"                     [id=26392, stack(0x000000952a000000,0x000000952a100000) (1024K)]
  0x000002157f22f060 WorkerThread "GC Thread#10"                    [id=8992, stack(0x000000952a100000,0x000000952a200000) (1024K)]
  0x000002157f22fee0 WorkerThread "GC Thread#11"                    [id=20148, stack(0x000000952a400000,0x000000952a500000) (1024K)]
  0x000002157f22f400 WorkerThread "GC Thread#12"                    [id=22904, stack(0x000000952a600000,0x000000952a700000) (1024K)]
  0x000002157f22f7a0 WorkerThread "GC Thread#13"                    [id=26784, stack(0x000000952a700000,0x000000952a800000) (1024K)]
  0x000002157f230620 WorkerThread "GC Thread#14"                    [id=27476, stack(0x000000952ab00000,0x000000952ac00000) (1024K)]
Total: 17

Threads with active compile tasks:
C2 CompilerThread0  10424 9210       4       org.codehaus.plexus.interpolation.PrefixedValueSourceWrapper::getValue (39 bytes)
C1 CompilerThread0  10424 9407       3       java.lang.Long::parseLong (272 bytes)
C2 CompilerThread1  10424 9348       4       org.eclipse.aether.util.graph.transformer.ConflictResolver::gatherConflictItems (111 bytes)
C2 CompilerThread2  10424 9364 %     4       java.util.Properties::load0 @ 29 (249 bytes)
C2 CompilerThread3  10424 8799       4       java.lang.invoke.MethodType::makeImpl (109 bytes)
C2 CompilerThread4  10425 9178       4       org.codehaus.plexus.util.xml.Xpp3DomBuilder::build (413 bytes)
C2 CompilerThread5  10425 8881       4       org.apache.maven.model.interpolation.StringVisitorModelInterpolator$ModelVisitor::visit (231 bytes)
C2 CompilerThread6  10425 9361       4       sun.nio.fs.WindowsPathParser::normalize (233 bytes)
C2 CompilerThread7  10425 9351       4       org.eclipse.aether.util.graph.transformer.ConflictResolver$State::push (457 bytes)
Total: 9

VM state: not at safepoint (normal execution)

VM Mutex/Monitor currently owned by a thread: None

Heap address: 0x0000000080000000, size: 2048 MB, Compressed Oops mode: 32-bit

CDS archive(s) mapped at: [0x0000021500000000-0x0000021500ba0000-0x0000021500ba0000), size 12189696, SharedBaseAddress: 0x0000021500000000, ArchiveRelocationMode: 1.
Compressed class space mapped at: 0x0000021501000000-0x0000021541000000, reserved size: 1073741824
Narrow klass base: 0x0000021500000000, Narrow klass shift: 0, Narrow klass range: 0x100000000

GC Precious Log:
 CardTable entry size: 512
 CPUs: 20 total, 20 available
 Memory: 16068M
 Large Page Support: Disabled
 NUMA Support: Disabled
 Compressed Oops: Enabled (32-bit)
 Alignments: Space 512K, Generation 512K, Heap 2M
 Heap Min Capacity: 100M
 Heap Initial Capacity: 100M
 Heap Max Capacity: 2G
 Pre-touch: Disabled
 Parallel Workers: 15

Heap:
 PSYoungGen      total 15360K, used 12451K [0x00000000d5580000, 0x00000000d6600000, 0x0000000100000000)
  eden space 13824K, 81% used [0x00000000d5580000,0x00000000d6088d08,0x00000000d6300000)
  from space 1536K, 75% used [0x00000000d6400000,0x00000000d6520020,0x00000000d6580000)
  to   space 512K, 0% used [0x00000000d6580000,0x00000000d6580000,0x00000000d6600000)
 ParOldGen       total 68608K, used 59066K [0x0000000080000000, 0x0000000084300000, 0x00000000d5580000)
  object space 68608K, 86% used [0x0000000080000000,0x00000000839aeb48,0x0000000084300000)
 Metaspace       used 51774K, committed 53184K, reserved 1114112K
  class space    used 5529K, committed 6144K, reserved 1048576K

Card table byte_map: [0x000002155fa60000,0x000002155fe70000] _byte_map_base: 0x000002155f660000

Marking Bits: (ParMarkBitMap*) 0x00007ff84d0f2460
 Begin Bits: [0x0000021572570000, 0x0000021574570000)
 End Bits:   [0x0000021574570000, 0x0000021576570000)

Polling page: 0x000002155df10000

Metaspace:

Usage:
  Non-class:     45.16 MB used.
      Class:      5.40 MB used.
       Both:     50.56 MB used.

Virtual space:
  Non-class space:       64.00 MB reserved,      45.94 MB ( 72%) committed,  1 nodes.
      Class space:        1.00 GB reserved,       6.00 MB ( <1%) committed,  1 nodes.
             Both:        1.06 GB reserved,      51.94 MB (  5%) committed. 

Chunk freelists:
   Non-Class:  1.22 MB
       Class:  9.83 MB
        Both:  11.05 MB

MaxMetaspaceSize: unlimited
CompressedClassSpaceSize: 1.00 GB
Initial GC threshold: 21.00 MB
Current GC threshold: 58.38 MB
CDS: on
 - commit_granule_bytes: 65536.
 - commit_granule_words: 8192.
 - virtual_space_node_default_size: 8388608.
 - enlarge_chunks_in_place: 1.
 - use_allocation_guard: 0.


Internal statistics:

num_allocs_failed_limit: 8.
num_arena_births: 1040.
num_arena_deaths: 14.
num_vsnodes_births: 2.
num_vsnodes_deaths: 0.
num_space_committed: 831.
num_space_uncommitted: 0.
num_chunks_returned_to_freelist: 22.
num_chunks_taken_from_freelist: 3354.
num_chunk_merges: 9.
num_chunk_splits: 2110.
num_chunks_enlarged: 1255.
num_inconsistent_stats: 0.

CodeHeap 'non-profiled nmethods': size=119168Kb used=5431Kb max_used=5431Kb free=113736Kb
 bounds [0x000002156ae60000, 0x000002156b3b0000, 0x00000215722c0000]
CodeHeap 'profiled nmethods': size=119104Kb used=19376Kb max_used=19376Kb free=99727Kb
 bounds [0x00000215632c0000, 0x00000215645b0000, 0x000002156a710000]
CodeHeap 'non-nmethods': size=7488Kb used=3067Kb max_used=3181Kb free=4420Kb
 bounds [0x000002156a710000, 0x000002156aa30000, 0x000002156ae60000]
CodeCache: size=245760Kb, used=27874Kb, max_used=27988Kb, free=217883Kb
 total_blobs=9487, nmethods=8808, adapters=582, full_count=0
Compilation: enabled, stopped_count=0, restarted_count=0

Compilation events (20 events):
Event: 7.385 Thread 0x0000021577f5c170 9401       1       org.apache.maven.artifact.versioning.VersionRange::getRecommendedVersion (5 bytes)
Event: 7.385 Thread 0x0000021577f5c170 nmethod 9401 0x000002156b3ac910 code [0x000002156b3acaa0, 0x000002156b3acb68]
Event: 7.386 Thread 0x000002156017da10 9272       4       org.codehaus.plexus.util.xml.pull.MXParser::isEmptyElementTag (26 bytes)
Event: 7.386 Thread 0x000002156017e550 9402       1       org.apache.maven.artifact.DefaultArtifact::getType (5 bytes)
Event: 7.386 Thread 0x0000021577f5c170 9403       1       org.apache.maven.artifact.DefaultArtifact::getGroupId (5 bytes)
Event: 7.386 Thread 0x0000021577f5bad0 9404       1       org.apache.maven.artifact.DefaultArtifact::getArtifactId (5 bytes)
Event: 7.386 Thread 0x000002156017e550 nmethod 9402 0x000002156b3acc10 code [0x000002156b3acda0, 0x000002156b3ace68]
Event: 7.386 Thread 0x0000021577f91fc0 9405       1       org.apache.maven.artifact.DefaultArtifact::setDependencyTrail (6 bytes)
Event: 7.386 Thread 0x0000021577f5bad0 nmethod 9404 0x000002156b3acf10 code [0x000002156b3ad0a0, 0x000002156b3ad168]
Event: 7.386 Thread 0x0000021577f5c170 nmethod 9403 0x000002156b3ad210 code [0x000002156b3ad3a0, 0x000002156b3ad468]
Event: 7.387 Thread 0x000002156017e550 9407       3       java.lang.Long::parseLong (272 bytes)
Event: 7.387 Thread 0x0000021577f5bad0 9406       3       java.lang.Long::parseLong (7 bytes)
Event: 7.387 Thread 0x0000021577f5c170 9408       3       java.lang.Character::isDigit (5 bytes)
Event: 7.387 Thread 0x0000021577f91fc0 nmethod 9405 0x000002156b3ad510 code [0x000002156b3ad6a0, 0x000002156b3ad780]
Event: 7.387 Thread 0x0000021577f91fc0 9409       3       java.lang.Character::isDigit (9 bytes)
Event: 7.387 Thread 0x0000021577f5bad0 nmethod 9406 0x00000215645a8190 code [0x00000215645a8340, 0x00000215645a8460]
Event: 7.387 Thread 0x0000021577f5c170 nmethod 9408 0x00000215645a8510 code [0x00000215645a86e0, 0x00000215645a8938]
Event: 7.387 Thread 0x0000021577f5bad0 9410       3       java.lang.CharacterDataLatin1::isDigit (18 bytes)
Event: 7.387 Thread 0x0000021577f91fc0 nmethod 9409 0x00000215645a8a10 code [0x00000215645a8bc0, 0x00000215645a8db8]
Event: 7.387 Thread 0x0000021577f5c170 9411       1       org.apache.maven.artifact.versioning.ComparableVersion::toString (5 bytes)

GC Heap History (20 events):
Event: 6.500 GC heap before
{Heap before GC invocations=32 (full 2):
 PSYoungGen      total 17920K, used 17664K [0x00000000d5580000, 0x00000000d6900000, 0x0000000100000000)
  eden space 15872K, 100% used [0x00000000d5580000,0x00000000d6500000,0x00000000d6500000)
  from space 2048K, 87% used [0x00000000d6500000,0x00000000d66c0010,0x00000000d6700000)
  to   space 2048K, 0% used [0x00000000d6700000,0x00000000d6700000,0x00000000d6900000)
 ParOldGen       total 68608K, used 46554K [0x0000000080000000, 0x0000000084300000, 0x00000000d5580000)
  object space 68608K, 67% used [0x0000000080000000,0x0000000082d768f0,0x0000000084300000)
 Metaspace       used 49350K, committed 50688K, reserved 1114112K
  class space    used 5345K, committed 5952K, reserved 1048576K
}
Event: 6.502 GC heap after
{Heap after GC invocations=32 (full 2):
 PSYoungGen      total 17920K, used 1504K [0x00000000d5580000, 0x00000000d6900000, 0x0000000100000000)
  eden space 15872K, 0% used [0x00000000d5580000,0x00000000d5580000,0x00000000d6500000)
  from space 2048K, 73% used [0x00000000d6700000,0x00000000d6878000,0x00000000d6900000)
  to   space 2048K, 0% used [0x00000000d6500000,0x00000000d6500000,0x00000000d6700000)
 ParOldGen       total 68608K, used 48122K [0x0000000080000000, 0x0000000084300000, 0x00000000d5580000)
  object space 68608K, 70% used [0x0000000080000000,0x0000000082efe900,0x0000000084300000)
 Metaspace       used 49350K, committed 50688K, reserved 1114112K
  class space    used 5345K, committed 5952K, reserved 1048576K
}
Event: 6.710 GC heap before
{Heap before GC invocations=33 (full 2):
 PSYoungGen      total 17920K, used 17376K [0x00000000d5580000, 0x00000000d6900000, 0x0000000100000000)
  eden space 15872K, 100% used [0x00000000d5580000,0x00000000d6500000,0x00000000d6500000)
  from space 2048K, 73% used [0x00000000d6700000,0x00000000d6878000,0x00000000d6900000)
  to   space 2048K, 0% used [0x00000000d6500000,0x00000000d6500000,0x00000000d6700000)
 ParOldGen       total 68608K, used 48122K [0x0000000080000000, 0x0000000084300000, 0x00000000d5580000)
  object space 68608K, 70% used [0x0000000080000000,0x0000000082efe900,0x0000000084300000)
 Metaspace       used 50439K, committed 51840K, reserved 1114112K
  class space    used 5464K, committed 6080K, reserved 1048576K
}
Event: 6.711 GC heap after
{Heap after GC invocations=33 (full 2):
 PSYoungGen      total 17920K, used 1824K [0x00000000d5580000, 0x00000000d6900000, 0x0000000100000000)
  eden space 15872K, 0% used [0x00000000d5580000,0x00000000d5580000,0x00000000d6500000)
  from space 2048K, 89% used [0x00000000d6500000,0x00000000d66c8000,0x00000000d6700000)
  to   space 2048K, 0% used [0x00000000d6700000,0x00000000d6700000,0x00000000d6900000)
 ParOldGen       total 68608K, used 49426K [0x0000000080000000, 0x0000000084300000, 0x00000000d5580000)
  object space 68608K, 72% used [0x0000000080000000,0x0000000083044b00,0x0000000084300000)
 Metaspace       used 50439K, committed 51840K, reserved 1114112K
  class space    used 5464K, committed 6080K, reserved 1048576K
}
Event: 6.860 GC heap before
{Heap before GC invocations=34 (full 2):
 PSYoungGen      total 17920K, used 17696K [0x00000000d5580000, 0x00000000d6900000, 0x0000000100000000)
  eden space 15872K, 100% used [0x00000000d5580000,0x00000000d6500000,0x00000000d6500000)
  from space 2048K, 89% used [0x00000000d6500000,0x00000000d66c8000,0x00000000d6700000)
  to   space 2048K, 0% used [0x00000000d6700000,0x00000000d6700000,0x00000000d6900000)
 ParOldGen       total 68608K, used 49426K [0x0000000080000000, 0x0000000084300000, 0x00000000d5580000)
  object space 68608K, 72% used [0x0000000080000000,0x0000000083044b00,0x0000000084300000)
 Metaspace       used 50640K, committed 52032K, reserved 1114112K
  class space    used 5469K, committed 6080K, reserved 1048576K
}
Event: 6.861 GC heap after
{Heap after GC invocations=34 (full 2):
 PSYoungGen      total 15872K, used 2016K [0x00000000d5580000, 0x00000000d6d00000, 0x0000000100000000)
  eden space 13824K, 0% used [0x00000000d5580000,0x00000000d5580000,0x00000000d6300000)
  from space 2048K, 98% used [0x00000000d6700000,0x00000000d68f8020,0x00000000d6900000)
  to   space 4096K, 0% used [0x00000000d6300000,0x00000000d6300000,0x00000000d6700000)
 ParOldGen       total 68608K, used 51143K [0x0000000080000000, 0x0000000084300000, 0x00000000d5580000)
  object space 68608K, 74% used [0x0000000080000000,0x00000000831f1e98,0x0000000084300000)
 Metaspace       used 50640K, committed 52032K, reserved 1114112K
  class space    used 5469K, committed 6080K, reserved 1048576K
}
Event: 6.935 GC heap before
{Heap before GC invocations=35 (full 2):
 PSYoungGen      total 15872K, used 15840K [0x00000000d5580000, 0x00000000d6d00000, 0x0000000100000000)
  eden space 13824K, 100% used [0x00000000d5580000,0x00000000d6300000,0x00000000d6300000)
  from space 2048K, 98% used [0x00000000d6700000,0x00000000d68f8020,0x00000000d6900000)
  to   space 4096K, 0% used [0x00000000d6300000,0x00000000d6300000,0x00000000d6700000)
 ParOldGen       total 68608K, used 51143K [0x0000000080000000, 0x0000000084300000, 0x00000000d5580000)
  object space 68608K, 74% used [0x0000000080000000,0x00000000831f1e98,0x0000000084300000)
 Metaspace       used 50758K, committed 52160K, reserved 1114112K
  class space    used 5469K, committed 6080K, reserved 1048576K
}
Event: 6.937 GC heap after
{Heap after GC invocations=35 (full 2):
 PSYoungGen      total 14848K, used 864K [0x00000000d5580000, 0x00000000d6780000, 0x0000000100000000)
  eden space 13824K, 0% used [0x00000000d5580000,0x00000000d5580000,0x00000000d6300000)
  from space 1024K, 84% used [0x00000000d6300000,0x00000000d63d8000,0x00000000d6400000)
  to   space 2048K, 0% used [0x00000000d6580000,0x00000000d6580000,0x00000000d6780000)
 ParOldGen       total 68608K, used 52919K [0x0000000080000000, 0x0000000084300000, 0x00000000d5580000)
  object space 68608K, 77% used [0x0000000080000000,0x00000000833adea8,0x0000000084300000)
 Metaspace       used 50758K, committed 52160K, reserved 1114112K
  class space    used 5469K, committed 6080K, reserved 1048576K
}
Event: 7.003 GC heap before
{Heap before GC invocations=36 (full 2):
 PSYoungGen      total 14848K, used 14688K [0x00000000d5580000, 0x00000000d6780000, 0x0000000100000000)
  eden space 13824K, 100% used [0x00000000d5580000,0x00000000d6300000,0x00000000d6300000)
  from space 1024K, 84% used [0x00000000d6300000,0x00000000d63d8000,0x00000000d6400000)
  to   space 2048K, 0% used [0x00000000d6580000,0x00000000d6580000,0x00000000d6780000)
 ParOldGen       total 68608K, used 52919K [0x0000000080000000, 0x0000000084300000, 0x00000000d5580000)
  object space 68608K, 77% used [0x0000000080000000,0x00000000833adea8,0x0000000084300000)
 Metaspace       used 50952K, committed 52352K, reserved 1114112K
  class space    used 5471K, committed 6080K, reserved 1048576K
}
Event: 7.004 GC heap after
{Heap after GC invocations=36 (full 2):
 PSYoungGen      total 15360K, used 1152K [0x00000000d5580000, 0x00000000d6700000, 0x0000000100000000)
  eden space 13824K, 0% used [0x00000000d5580000,0x00000000d5580000,0x00000000d6300000)
  from space 1536K, 75% used [0x00000000d6580000,0x00000000d66a0000,0x00000000d6700000)
  to   space 1536K, 0% used [0x00000000d6400000,0x00000000d6400000,0x00000000d6580000)
 ParOldGen       total 68608K, used 53547K [0x0000000080000000, 0x0000000084300000, 0x00000000d5580000)
  object space 68608K, 78% used [0x0000000080000000,0x000000008344aeb8,0x0000000084300000)
 Metaspace       used 50952K, committed 52352K, reserved 1114112K
  class space    used 5471K, committed 6080K, reserved 1048576K
}
Event: 7.066 GC heap before
{Heap before GC invocations=37 (full 2):
 PSYoungGen      total 15360K, used 14976K [0x00000000d5580000, 0x00000000d6700000, 0x0000000100000000)
  eden space 13824K, 100% used [0x00000000d5580000,0x00000000d6300000,0x00000000d6300000)
  from space 1536K, 75% used [0x00000000d6580000,0x00000000d66a0000,0x00000000d6700000)
  to   space 1536K, 0% used [0x00000000d6400000,0x00000000d6400000,0x00000000d6580000)
 ParOldGen       total 68608K, used 53547K [0x0000000080000000, 0x0000000084300000, 0x00000000d5580000)
  object space 68608K, 78% used [0x0000000080000000,0x000000008344aeb8,0x0000000084300000)
 Metaspace       used 51278K, committed 52672K, reserved 1114112K
  class space    used 5521K, committed 6144K, reserved 1048576K
}
Event: 7.067 GC heap after
{Heap after GC invocations=37 (full 2):
 PSYoungGen      total 15360K, used 1536K [0x00000000d5580000, 0x00000000d6a00000, 0x0000000100000000)
  eden space 13824K, 0% used [0x00000000d5580000,0x00000000d5580000,0x00000000d6300000)
  from space 1536K, 100% used [0x00000000d6400000,0x00000000d6580000,0x00000000d6580000)
  to   space 3584K, 0% used [0x00000000d6680000,0x00000000d6680000,0x00000000d6a00000)
 ParOldGen       total 68608K, used 54851K [0x0000000080000000, 0x0000000084300000, 0x00000000d5580000)
  object space 68608K, 79% used [0x0000000080000000,0x0000000083590eb8,0x0000000084300000)
 Metaspace       used 51278K, committed 52672K, reserved 1114112K
  class space    used 5521K, committed 6144K, reserved 1048576K
}
Event: 7.109 GC heap before
{Heap before GC invocations=38 (full 2):
 PSYoungGen      total 15360K, used 15360K [0x00000000d5580000, 0x00000000d6a00000, 0x0000000100000000)
  eden space 13824K, 100% used [0x00000000d5580000,0x00000000d6300000,0x00000000d6300000)
  from space 1536K, 100% used [0x00000000d6400000,0x00000000d6580000,0x00000000d6580000)
  to   space 3584K, 0% used [0x00000000d6680000,0x00000000d6680000,0x00000000d6a00000)
 ParOldGen       total 68608K, used 54851K [0x0000000080000000, 0x0000000084300000, 0x00000000d5580000)
  object space 68608K, 79% used [0x0000000080000000,0x0000000083590eb8,0x0000000084300000)
 Metaspace       used 51384K, committed 52800K, reserved 1114112K
  class space    used 5522K, committed 6144K, reserved 1048576K
}
Event: 7.110 GC heap after
{Heap after GC invocations=38 (full 2):
 PSYoungGen      total 15360K, used 1440K [0x00000000d5580000, 0x00000000d6800000, 0x0000000100000000)
  eden space 13824K, 0% used [0x00000000d5580000,0x00000000d5580000,0x00000000d6300000)
  from space 1536K, 93% used [0x00000000d6680000,0x00000000d67e8000,0x00000000d6800000)
  to   space 2048K, 0% used [0x00000000d6400000,0x00000000d6400000,0x00000000d6600000)
 ParOldGen       total 68608K, used 56286K [0x0000000080000000, 0x0000000084300000, 0x00000000d5580000)
  object space 68608K, 82% used [0x0000000080000000,0x00000000836f7bf8,0x0000000084300000)
 Metaspace       used 51384K, committed 52800K, reserved 1114112K
  class space    used 5522K, committed 6144K, reserved 1048576K
}
Event: 7.184 GC heap before
{Heap before GC invocations=39 (full 2):
 PSYoungGen      total 15360K, used 15264K [0x00000000d5580000, 0x00000000d6800000, 0x0000000100000000)
  eden space 13824K, 100% used [0x00000000d5580000,0x00000000d6300000,0x00000000d6300000)
  from space 1536K, 93% used [0x00000000d6680000,0x00000000d67e8000,0x00000000d6800000)
  to   space 2048K, 0% used [0x00000000d6400000,0x00000000d6400000,0x00000000d6600000)
 ParOldGen       total 68608K, used 56286K [0x0000000080000000, 0x0000000084300000, 0x00000000d5580000)
  object space 68608K, 82% used [0x0000000080000000,0x00000000836f7bf8,0x0000000084300000)
 Metaspace       used 51544K, committed 52992K, reserved 1114112K
  class space    used 5522K, committed 6144K, reserved 1048576K
}
Event: 7.185 GC heap after
{Heap after GC invocations=39 (full 2):
 PSYoungGen      total 15360K, used 1296K [0x00000000d5580000, 0x00000000d6700000, 0x0000000100000000)
  eden space 13824K, 0% used [0x00000000d5580000,0x00000000d5580000,0x00000000d6300000)
  from space 1536K, 84% used [0x00000000d6400000,0x00000000d6544010,0x00000000d6580000)
  to   space 1536K, 0% used [0x00000000d6580000,0x00000000d6580000,0x00000000d6700000)
 ParOldGen       total 68608K, used 57390K [0x0000000080000000, 0x0000000084300000, 0x00000000d5580000)
  object space 68608K, 83% used [0x0000000080000000,0x000000008380bbf8,0x0000000084300000)
 Metaspace       used 51544K, committed 52992K, reserved 1114112K
  class space    used 5522K, committed 6144K, reserved 1048576K
}
Event: 7.221 GC heap before
{Heap before GC invocations=40 (full 2):
 PSYoungGen      total 15360K, used 15120K [0x00000000d5580000, 0x00000000d6700000, 0x0000000100000000)
  eden space 13824K, 100% used [0x00000000d5580000,0x00000000d6300000,0x00000000d6300000)
  from space 1536K, 84% used [0x00000000d6400000,0x00000000d6544010,0x00000000d6580000)
  to   space 1536K, 0% used [0x00000000d6580000,0x00000000d6580000,0x00000000d6700000)
 ParOldGen       total 68608K, used 57390K [0x0000000080000000, 0x0000000084300000, 0x00000000d5580000)
  object space 68608K, 83% used [0x0000000080000000,0x000000008380bbf8,0x0000000084300000)
 Metaspace       used 51585K, committed 52992K, reserved 1114112K
  class space    used 5522K, committed 6144K, reserved 1048576K
}
Event: 7.222 GC heap after
{Heap after GC invocations=40 (full 2):
 PSYoungGen      total 15360K, used 1200K [0x00000000d5580000, 0x00000000d6700000, 0x0000000100000000)
  eden space 13824K, 0% used [0x00000000d5580000,0x00000000d5580000,0x00000000d6300000)
  from space 1536K, 78% used [0x00000000d6580000,0x00000000d66ac010,0x00000000d6700000)
  to   space 1536K, 0% used [0x00000000d6400000,0x00000000d6400000,0x00000000d6580000)
 ParOldGen       total 68608K, used 58282K [0x0000000080000000, 0x0000000084300000, 0x00000000d5580000)
  object space 68608K, 84% used [0x0000000080000000,0x00000000838eab48,0x0000000084300000)
 Metaspace       used 51585K, committed 52992K, reserved 1114112K
  class space    used 5522K, committed 6144K, reserved 1048576K
}
Event: 7.258 GC heap before
{Heap before GC invocations=41 (full 2):
 PSYoungGen      total 15360K, used 15024K [0x00000000d5580000, 0x00000000d6700000, 0x0000000100000000)
  eden space 13824K, 100% used [0x00000000d5580000,0x00000000d6300000,0x00000000d6300000)
  from space 1536K, 78% used [0x00000000d6580000,0x00000000d66ac010,0x00000000d6700000)
  to   space 1536K, 0% used [0x00000000d6400000,0x00000000d6400000,0x00000000d6580000)
 ParOldGen       total 68608K, used 58282K [0x0000000080000000, 0x0000000084300000, 0x00000000d5580000)
  object space 68608K, 84% used [0x0000000080000000,0x00000000838eab48,0x0000000084300000)
 Metaspace       used 51646K, committed 53056K, reserved 1114112K
  class space    used 5524K, committed 6144K, reserved 1048576K
}
Event: 7.260 GC heap after
{Heap after GC invocations=41 (full 2):
 PSYoungGen      total 15360K, used 1152K [0x00000000d5580000, 0x00000000d6600000, 0x0000000100000000)
  eden space 13824K, 0% used [0x00000000d5580000,0x00000000d5580000,0x00000000d6300000)
  from space 1536K, 75% used [0x00000000d6400000,0x00000000d6520020,0x00000000d6580000)
  to   space 512K, 0% used [0x00000000d6580000,0x00000000d6580000,0x00000000d6600000)
 ParOldGen       total 68608K, used 59066K [0x0000000080000000, 0x0000000084300000, 0x00000000d5580000)
  object space 68608K, 86% used [0x0000000080000000,0x00000000839aeb48,0x0000000084300000)
 Metaspace       used 51646K, committed 53056K, reserved 1114112K
  class space    used 5524K, committed 6144K, reserved 1048576K
}

Dll operation events (10 events):
Event: 0.006 Loaded shared library c:\Users\ilyes\.vscode\extensions\redhat.java-1.49.0-win32-x64\jre\21.0.9-win32-x86_64\bin\java.dll
Event: 0.036 Loaded shared library c:\Users\ilyes\.vscode\extensions\redhat.java-1.49.0-win32-x64\jre\21.0.9-win32-x86_64\bin\zip.dll
Event: 0.049 Loaded shared library C:\Users\ilyes\.vscode\extensions\redhat.java-1.49.0-win32-x64\jre\21.0.9-win32-x86_64\bin\instrument.dll
Event: 0.052 Loaded shared library C:\Users\ilyes\.vscode\extensions\redhat.java-1.49.0-win32-x64\jre\21.0.9-win32-x86_64\bin\net.dll
Event: 0.053 Loaded shared library C:\Users\ilyes\.vscode\extensions\redhat.java-1.49.0-win32-x64\jre\21.0.9-win32-x86_64\bin\nio.dll
Event: 0.054 Loaded shared library C:\Users\ilyes\.vscode\extensions\redhat.java-1.49.0-win32-x64\jre\21.0.9-win32-x86_64\bin\zip.dll
Event: 0.065 Loaded shared library C:\Users\ilyes\.vscode\extensions\redhat.java-1.49.0-win32-x64\jre\21.0.9-win32-x86_64\bin\jimage.dll
Event: 0.108 Loaded shared library c:\Users\ilyes\.vscode\extensions\redhat.java-1.49.0-win32-x64\jre\21.0.9-win32-x86_64\bin\verify.dll
Event: 0.714 Loaded shared library C:\Users\ilyes\AppData\Roaming\Code\User\globalStorage\redhat.java\1.49.0\config_win\org.eclipse.equinox.launcher\org.eclipse.equinox.launcher.win32.win32.x86_64_1.2.1400.v20250801-0854\eclipse_11916.dll
Event: 1.747 Loaded shared library C:\Users\ilyes\AppData\Local\Temp\jna-100306660\jna5583032311517463562.dll

Deoptimization events (20 events):
Event: 7.298 Thread 0x000002157f168570 DEOPT PACKING pc=0x000002156b0228c8 sp=0x000000952b0fd390
Event: 7.298 Thread 0x000002157f168570 DEOPT UNPACKING pc=0x000002156a763aa2 sp=0x000000952b0fd328 mode 2
Event: 7.298 Thread 0x000002157f168570 Uncommon trap: trap_request=0xffffffc6 fr.pc=0x000002156b0228c8 relative=0x00000000000001a8
Event: 7.298 Thread 0x000002157f168570 Uncommon trap: reason=bimorphic_or_optimized_type_check action=maybe_recompile pc=0x000002156b0228c8 method=java.util.Collections.eq(Ljava/lang/Object;Ljava/lang/Object;)Z @ 18 c2
Event: 7.298 Thread 0x000002157f168570 DEOPT PACKING pc=0x000002156b0228c8 sp=0x000000952b0fd450
Event: 7.298 Thread 0x000002157f168570 DEOPT UNPACKING pc=0x000002156a763aa2 sp=0x000000952b0fd3e8 mode 2
Event: 7.298 Thread 0x000002157f168570 Uncommon trap: trap_request=0xffffffc6 fr.pc=0x000002156b0228c8 relative=0x00000000000001a8
Event: 7.298 Thread 0x000002157f168570 Uncommon trap: reason=bimorphic_or_optimized_type_check action=maybe_recompile pc=0x000002156b0228c8 method=java.util.Collections.eq(Ljava/lang/Object;Ljava/lang/Object;)Z @ 18 c2
Event: 7.298 Thread 0x000002157f168570 DEOPT PACKING pc=0x000002156b0228c8 sp=0x000000952b0fd450
Event: 7.298 Thread 0x000002157f168570 DEOPT UNPACKING pc=0x000002156a763aa2 sp=0x000000952b0fd3e8 mode 2
Event: 7.305 Thread 0x000002157f168570 Uncommon trap: trap_request=0xffffff45 fr.pc=0x000002156b38b9f0 relative=0x00000000000002b0
Event: 7.305 Thread 0x000002157f168570 Uncommon trap: reason=unstable_if action=reinterpret pc=0x000002156b38b9f0 method=java.util.HashMap.getNode(Ljava/lang/Object;)Ljava/util/HashMap$Node; @ 57 c2
Event: 7.305 Thread 0x000002157f168570 DEOPT PACKING pc=0x000002156b38b9f0 sp=0x000000952b0fda90
Event: 7.305 Thread 0x000002157f168570 DEOPT UNPACKING pc=0x000002156a763aa2 sp=0x000000952b0fd9a0 mode 2
Event: 7.305 Thread 0x000002157f168570 Uncommon trap: trap_request=0xffffff45 fr.pc=0x000002156b3618f0 relative=0x00000000000002b0
Event: 7.305 Thread 0x000002157f168570 Uncommon trap: reason=unstable_if action=reinterpret pc=0x000002156b3618f0 method=java.util.HashMap.getNode(Ljava/lang/Object;)Ljava/util/HashMap$Node; @ 57 c2
Event: 7.306 Thread 0x000002157f168570 DEOPT PACKING pc=0x000002156b3618f0 sp=0x000000952b0fda20
Event: 7.306 Thread 0x000002157f168570 DEOPT UNPACKING pc=0x000002156a763aa2 sp=0x000000952b0fd9a0 mode 2
Event: 7.351 Thread 0x000002157f168570 DEOPT PACKING pc=0x00000215640889c6 sp=0x000000952b0fd300
Event: 7.351 Thread 0x000002157f168570 DEOPT UNPACKING pc=0x000002156a764242 sp=0x000000952b0fc880 mode 0

Classes loaded (20 events):
Event: 6.260 Loading class sun/nio/ch/Util$4
Event: 6.260 Loading class sun/nio/ch/Util$4 done
Event: 6.263 Loading class java/nio/file/ClosedDirectoryStreamException
Event: 6.263 Loading class java/nio/file/ClosedDirectoryStreamException done
Event: 6.263 Loading class jdk/internal/jrtfs/JrtFileSystem
Event: 6.264 Loading class jdk/internal/jrtfs/JrtFileSystem done
Event: 6.264 Loading class jdk/internal/jrtfs/JrtPath
Event: 6.264 Loading class jdk/internal/jrtfs/JrtPath done
Event: 6.264 Loading class jdk/internal/jimage/ImageReader$Node
Event: 6.264 Loading class jdk/internal/jimage/ImageReader$Node done
Event: 6.267 Loading class java/nio/ByteBufferAsIntBufferL
Event: 6.267 Loading class java/nio/ByteBufferAsIntBufferL done
Event: 6.268 Loading class jdk/internal/jimage/ImageReader$Directory
Event: 6.268 Loading class jdk/internal/jimage/ImageReader$Directory done
Event: 6.366 Loading class java/util/AbstractList$ListItr
Event: 6.366 Loading class java/util/AbstractList$ListItr done
Event: 6.386 Loading class java/nio/channels/Channels$ReadableByteChannelImpl
Event: 6.386 Loading class java/nio/channels/Channels$ReadableByteChannelImpl done
Event: 6.387 Loading class java/nio/channels/NonWritableChannelException
Event: 6.387 Loading class java/nio/channels/NonWritableChannelException done

Classes unloaded (7 events):
Event: 2.156 Thread 0x0000021560160b70 Unloading class 0x00000215011aac00 'java/lang/invoke/LambdaForm$MH+0x00000215011aac00'
Event: 2.156 Thread 0x0000021560160b70 Unloading class 0x00000215011aa800 'java/lang/invoke/LambdaForm$MH+0x00000215011aa800'
Event: 2.156 Thread 0x0000021560160b70 Unloading class 0x00000215011aa400 'java/lang/invoke/LambdaForm$MH+0x00000215011aa400'
Event: 2.156 Thread 0x0000021560160b70 Unloading class 0x00000215011aa000 'java/lang/invoke/LambdaForm$MH+0x00000215011aa000'
Event: 2.156 Thread 0x0000021560160b70 Unloading class 0x00000215011a9c00 'java/lang/invoke/LambdaForm$BMH+0x00000215011a9c00'
Event: 2.156 Thread 0x0000021560160b70 Unloading class 0x00000215011a9800 'java/lang/invoke/LambdaForm$DMH+0x00000215011a9800'
Event: 2.156 Thread 0x0000021560160b70 Unloading class 0x00000215011a8400 'java/lang/invoke/LambdaForm$DMH+0x00000215011a8400'

Classes redefined (0 events):
No events

Internal exceptions (20 events):
Event: 5.163 Thread 0x000002157f168570 Exception <a 'java/io/FileNotFoundException'{0x00000000d58ad9c8}> (0x00000000d58ad9c8) 
thrown [s\src\hotspot\share\prims\jni.cpp, line 520]
Event: 5.163 Thread 0x000002157f168570 Exception <a 'java/io/FileNotFoundException'{0x00000000d58ae9d8}> (0x00000000d58ae9d8) 
thrown [s\src\hotspot\share\prims\jni.cpp, line 520]
Event: 5.163 Thread 0x000002157f168570 Exception <a 'java/io/FileNotFoundException'{0x00000000d58afb08}> (0x00000000d58afb08) 
thrown [s\src\hotspot\share\prims\jni.cpp, line 520]
Event: 5.169 Thread 0x000002154307c3a0 Exception <a 'java/lang/IncompatibleClassChangeError'{0x00000000d5633320}: Found class java.lang.Object, but interface was expected> (0x00000000d5633320) 
thrown [s\src\hotspot\share\interpreter\linkResolver.cpp, line 840]
Event: 5.179 Thread 0x000002157f168570 Exception <a 'sun/nio/fs/WindowsException'{0x00000000d5c6e7b8}> (0x00000000d5c6e7b8) 
thrown [s\src\hotspot\share\prims\jni.cpp, line 520]
Event: 5.179 Thread 0x000002157f168570 Exception <a 'sun/nio/fs/WindowsException'{0x00000000d5c6f008}> (0x00000000d5c6f008) 
thrown [s\src\hotspot\share\prims\jni.cpp, line 520]
Event: 5.179 Thread 0x000002157f168570 Exception <a 'sun/nio/fs/WindowsException'{0x00000000d5c70460}> (0x00000000d5c70460) 
thrown [s\src\hotspot\share\prims\jni.cpp, line 520]
Event: 5.180 Thread 0x000002157f168570 Exception <a 'sun/nio/fs/WindowsException'{0x00000000d5c70cb0}> (0x00000000d5c70cb0) 
thrown [s\src\hotspot\share\prims\jni.cpp, line 520]
Event: 5.181 Thread 0x000002154307feb0 Implicit null exception at 0x000002156b1fdae3 to 0x000002156b1fe6d0
Event: 6.260 Thread 0x000002157f168570 Exception <a 'java/lang/NoSuchMethodError'{0x00000000d5ef9be8}: 'java.lang.Object java.lang.invoke.DelegatingMethodHandle$Holder.reinvoke_L(java.lang.Object, int, long, java.lang.Object, java.lang.Object, int, java.lang.Object)'> (0x00000000d5ef9be8) 
thrown [s\src\hotspot\share\interpreter\linkResolver.cpp, line 773]
Event: 6.530 Thread 0x000002157f168570 Exception <a 'java/io/FileNotFoundException'{0x00000000d5c3eac8}> (0x00000000d5c3eac8) 
thrown [s\src\hotspot\share\prims\jni.cpp, line 520]
Event: 6.530 Thread 0x000002157f168570 Exception <a 'java/io/FileNotFoundException'{0x00000000d5c3fc38}> (0x00000000d5c3fc38) 
thrown [s\src\hotspot\share\prims\jni.cpp, line 520]
Event: 6.539 Thread 0x000002157f168570 Exception <a 'sun/nio/fs/WindowsException'{0x00000000d5c7cbb0}> (0x00000000d5c7cbb0) 
thrown [s\src\hotspot\share\prims\jni.cpp, line 520]
Event: 6.540 Thread 0x000002157f168570 Exception <a 'sun/nio/fs/WindowsException'{0x00000000d5c7d400}> (0x00000000d5c7d400) 
thrown [s\src\hotspot\share\prims\jni.cpp, line 520]
Event: 6.675 Thread 0x000002157f168570 Exception <a 'java/lang/NoSuchMethodError'{0x00000000d6389388}: 'void java.lang.invoke.DirectMethodHandle$Holder.invokeStatic(java.lang.Object, java.lang.Object, java.lang.Object, int)'> (0x00000000d6389388) 
thrown [s\src\hotspot\share\interpreter\linkResolver.cpp, line 773]
Event: 6.688 Thread 0x000002157f168570 Exception <a 'java/lang/NoSuchMethodError'{0x00000000d63dfcf0}: 'void java.lang.invoke.DirectMethodHandle$Holder.invokeVirtual(java.lang.Object, java.lang.Object, int)'> (0x00000000d63dfcf0) 
thrown [s\src\hotspot\share\interpreter\linkResolver.cpp, line 773]
Event: 7.029 Thread 0x000002157f168570 Exception <a 'java/lang/NoSuchMethodError'{0x00000000d5b23ee8}: 'void java.lang.invoke.DirectMethodHandle$Holder.invokeInterface(java.lang.Object, java.lang.Object)'> (0x00000000d5b23ee8) 
thrown [s\src\hotspot\share\interpreter\linkResolver.cpp, line 773]
Event: 7.061 Thread 0x0000021541a4d300 Implicit null exception at 0x000002156b336973 to 0x000002156b336da0
Event: 7.305 Thread 0x000002157f168570 Implicit null exception at 0x000002156b38b822 to 0x000002156b38b9d8
Event: 7.305 Thread 0x000002157f168570 Implicit null exception at 0x000002156b361722 to 0x000002156b3618d8

ZGC Phase Switch (0 events):
No events

VM Operations (20 events):
Event: 6.712 Executing VM operation: ParallelGCFailedAllocation (Allocation Failure) done
Event: 6.860 Executing VM operation: ParallelGCFailedAllocation (Allocation Failure)
Event: 6.861 Executing VM operation: ParallelGCFailedAllocation (Allocation Failure) done
Event: 6.935 Executing VM operation: ParallelGCFailedAllocation (Allocation Failure)
Event: 6.937 Executing VM operation: ParallelGCFailedAllocation (Allocation Failure) done
Event: 7.003 Executing VM operation: ParallelGCFailedAllocation (Allocation Failure)
Event: 7.004 Executing VM operation: ParallelGCFailedAllocation (Allocation Failure) done
Event: 7.041 Executing VM operation: HandshakeAllThreads (Deoptimize)
Event: 7.042 Executing VM operation: HandshakeAllThreads (Deoptimize) done
Event: 7.066 Executing VM operation: ParallelGCFailedAllocation (Allocation Failure)
Event: 7.067 Executing VM operation: ParallelGCFailedAllocation (Allocation Failure) done
Event: 7.109 Executing VM operation: ParallelGCFailedAllocation (Allocation Failure)
Event: 7.110 Executing VM operation: ParallelGCFailedAllocation (Allocation Failure) done
Event: 7.184 Executing VM operation: ParallelGCFailedAllocation (Allocation Failure)
Event: 7.185 Executing VM operation: ParallelGCFailedAllocation (Allocation Failure) done
Event: 7.221 Executing VM operation: ParallelGCFailedAllocation (Allocation Failure)
Event: 7.222 Executing VM operation: ParallelGCFailedAllocation (Allocation Failure) done
Event: 7.258 Executing VM operation: ParallelGCFailedAllocation (Allocation Failure)
Event: 7.260 Executing VM operation: ParallelGCFailedAllocation (Allocation Failure) done
Event: 8.264 Executing VM operation: Cleanup

Memory protections (0 events):
No events

Nmethod flushes (20 events):
Event: 3.162 Thread 0x0000021560160b70 flushing  nmethod 0x0000021563959d10
Event: 3.162 Thread 0x0000021560160b70 flushing  nmethod 0x0000021563982210
Event: 3.162 Thread 0x0000021560160b70 flushing  nmethod 0x000002156398a210
Event: 3.162 Thread 0x0000021560160b70 flushing  nmethod 0x000002156398a610
Event: 3.162 Thread 0x0000021560160b70 flushing  nmethod 0x000002156398af10
Event: 3.162 Thread 0x0000021560160b70 flushing  nmethod 0x000002156398c110
Event: 3.162 Thread 0x0000021560160b70 flushing  nmethod 0x000002156398c910
Event: 3.162 Thread 0x0000021560160b70 flushing  nmethod 0x000002156398d090
Event: 3.162 Thread 0x0000021560160b70 flushing  nmethod 0x000002156398e610
Event: 3.162 Thread 0x0000021560160b70 flushing  nmethod 0x000002156398eb10
Event: 3.162 Thread 0x0000021560160b70 flushing  nmethod 0x000002156398f410
Event: 3.162 Thread 0x0000021560160b70 flushing  nmethod 0x0000021563990410
Event: 3.162 Thread 0x0000021560160b70 flushing  nmethod 0x0000021563992a10
Event: 3.162 Thread 0x0000021560160b70 flushing  nmethod 0x0000021563994490
Event: 3.162 Thread 0x0000021560160b70 flushing  nmethod 0x00000215639d7e90
Event: 3.162 Thread 0x0000021560160b70 flushing  nmethod 0x00000215639de210
Event: 3.162 Thread 0x0000021560160b70 flushing  nmethod 0x00000215639ff610
Event: 3.162 Thread 0x0000021560160b70 flushing  nmethod 0x0000021563a93a10
Event: 3.162 Thread 0x0000021560160b70 flushing  nmethod 0x0000021563ae9f10
Event: 3.162 Thread 0x0000021560160b70 flushing  nmethod 0x0000021563aea390

Events (20 events):
Event: 5.128 Thread 0x000002157e613720 Thread exited: 0x000002157e613720
Event: 5.128 Thread 0x0000021578045050 Thread exited: 0x0000021578045050
Event: 5.128 Thread 0x00000215780449b0 Thread exited: 0x00000215780449b0
Event: 5.154 Thread 0x000002156017e550 Thread added: 0x00000215411114f0
Event: 6.279 Thread 0x0000021577f5c170 Thread added: 0x0000021541110080
Event: 6.329 Thread 0x000002156017da10 Thread added: 0x0000021541110e20
Event: 6.329 Thread 0x000002156017da10 Thread added: 0x0000021541111bc0
Event: 6.336 Thread 0x0000021541110e20 Thread added: 0x00000215435a2450
Event: 6.341 Thread 0x0000021577f5c170 Thread added: 0x00000215435a2b20
Event: 6.342 Thread 0x0000021577f5c170 Thread added: 0x00000215435a4660
Event: 7.034 Thread 0x000002157f168570 Thread added: 0x0000021541a4ed40
Event: 7.034 Thread 0x000002157f168570 Thread added: 0x0000021541a500f0
Event: 7.034 Thread 0x000002157f168570 Thread added: 0x0000021541a50780
Event: 7.034 Thread 0x000002157f168570 Thread added: 0x0000021541a4d300
Event: 7.034 Thread 0x000002157f168570 Thread added: 0x0000021541a50e10
Event: 7.294 Thread 0x0000021541a50e10 Thread exited: 0x0000021541a50e10
Event: 7.294 Thread 0x0000021541a4d300 Thread exited: 0x0000021541a4d300
Event: 7.294 Thread 0x0000021541a4ed40 Thread exited: 0x0000021541a4ed40
Event: 7.294 Thread 0x0000021541a500f0 Thread exited: 0x0000021541a500f0
Event: 7.295 Thread 0x0000021541a50780 Thread exited: 0x0000021541a50780


Dynamic libraries:
0x00007ff79a9d0000 - 0x00007ff79a9de000 	c:\Users\ilyes\.vscode\extensions\redhat.java-1.49.0-win32-x64\jre\21.0.9-win32-x86_64\bin\java.exe
0x00007ff8e9160000 - 0x00007ff8e93c8000 	C:\WINDOWS\SYSTEM32\ntdll.dll
0x00007ff8e7370000 - 0x00007ff8e7439000 	C:\WINDOWS\System32\KERNEL32.DLL
0x00007ff8e64b0000 - 0x00007ff8e68a8000 	C:\WINDOWS\System32\KERNELBASE.dll
0x00007ff8e6360000 - 0x00007ff8e64ab000 	C:\WINDOWS\System32\ucrtbase.dll
0x00007ff8d3620000 - 0x00007ff8d3638000 	c:\Users\ilyes\.vscode\extensions\redhat.java-1.49.0-win32-x64\jre\21.0.9-win32-x86_64\bin\jli.dll
0x00007ff8c8a30000 - 0x00007ff8c8a4e000 	c:\Users\ilyes\.vscode\extensions\redhat.java-1.49.0-win32-x64\jre\21.0.9-win32-x86_64\bin\VCRUNTIME140.dll
0x00007ff8e88d0000 - 0x00007ff8e8a97000 	C:\WINDOWS\System32\USER32.dll
0x00007ff8c98b0000 - 0x00007ff8c9b44000 	C:\WINDOWS\WinSxS\amd64_microsoft.windows.common-controls_6595b64144ccf1df_6.0.26100.7019_none_3e06ffa0e335b8a8\COMCTL32.dll
0x00007ff8e6d50000 - 0x00007ff8e6d77000 	C:\WINDOWS\System32\win32u.dll
0x00007ff8e8ba0000 - 0x00007ff8e8bcb000 	C:\WINDOWS\System32\GDI32.dll
0x00007ff8e7f70000 - 0x00007ff8e8019000 	C:\WINDOWS\System32\msvcrt.dll
0x00007ff8e6a20000 - 0x00007ff8e6b4c000 	C:\WINDOWS\System32\gdi32full.dll
0x00007ff8e62b0000 - 0x00007ff8e6353000 	C:\WINDOWS\System32\msvcp_win.dll
0x00007ff8e7190000 - 0x00007ff8e71c1000 	C:\WINDOWS\System32\IMM32.DLL
0x00007ff8ce550000 - 0x00007ff8ce55c000 	c:\Users\ilyes\.vscode\extensions\redhat.java-1.49.0-win32-x64\jre\21.0.9-win32-x86_64\bin\vcruntime140_1.dll
0x00007ff87d500000 - 0x00007ff87d58d000 	c:\Users\ilyes\.vscode\extensions\redhat.java-1.49.0-win32-x64\jre\21.0.9-win32-x86_64\bin\msvcp140.dll
0x00007ff84c430000 - 0x00007ff84d1d0000 	c:\Users\ilyes\.vscode\extensions\redhat.java-1.49.0-win32-x64\jre\21.0.9-win32-x86_64\bin\server\jvm.dll
0x00007ff8e7dd0000 - 0x00007ff8e7e84000 	C:\WINDOWS\System32\ADVAPI32.dll
0x00007ff8e8220000 - 0x00007ff8e82c6000 	C:\WINDOWS\System32\sechost.dll
0x00007ff8e7ca0000 - 0x00007ff8e7db8000 	C:\WINDOWS\System32\RPCRT4.dll
0x00007ff8e70a0000 - 0x00007ff8e7114000 	C:\WINDOWS\System32\WS2_32.dll
0x00007ff8e2cd0000 - 0x00007ff8e2d05000 	C:\WINDOWS\SYSTEM32\WINMM.dll
0x00007ff8dc0c0000 - 0x00007ff8dc0cb000 	C:\WINDOWS\SYSTEM32\VERSION.dll
0x00007ff8e4ed0000 - 0x00007ff8e4f2e000 	C:\WINDOWS\SYSTEM32\POWRPROF.dll
0x00007ff8e4eb0000 - 0x00007ff8e4ec4000 	C:\WINDOWS\SYSTEM32\UMPDC.dll
0x00007ff8e5190000 - 0x00007ff8e51ab000 	C:\WINDOWS\SYSTEM32\kernel.appcore.dll
0x00007ff8cc870000 - 0x00007ff8cc87a000 	c:\Users\ilyes\.vscode\extensions\redhat.java-1.49.0-win32-x64\jre\21.0.9-win32-x86_64\bin\jimage.dll
0x00007ff8e38f0000 - 0x00007ff8e3b32000 	C:\WINDOWS\SYSTEM32\DBGHELP.DLL
0x00007ff8e8d90000 - 0x00007ff8e911b000 	C:\WINDOWS\System32\combase.dll
0x00007ff8e7e90000 - 0x00007ff8e7f67000 	C:\WINDOWS\System32\OLEAUT32.dll
0x00007ff8c1050000 - 0x00007ff8c108c000 	C:\WINDOWS\SYSTEM32\dbgcore.DLL
0x00007ff8e68b0000 - 0x00007ff8e6955000 	C:\WINDOWS\System32\bcryptPrimitives.dll
0x00007ff8ca8e0000 - 0x00007ff8ca8ef000 	c:\Users\ilyes\.vscode\extensions\redhat.java-1.49.0-win32-x64\jre\21.0.9-win32-x86_64\bin\instrument.dll
0x00007ff8c4160000 - 0x00007ff8c4180000 	c:\Users\ilyes\.vscode\extensions\redhat.java-1.49.0-win32-x64\jre\21.0.9-win32-x86_64\bin\java.dll
0x00007ff8e7440000 - 0x00007ff8e7b8f000 	C:\WINDOWS\System32\SHELL32.dll
0x00007ff8e6be0000 - 0x00007ff8e6d4b000 	C:\WINDOWS\System32\wintypes.dll
0x00007ff8e3ee0000 - 0x00007ff8e473d000 	C:\WINDOWS\SYSTEM32\windows.storage.dll
0x00007ff8e7ba0000 - 0x00007ff8e7c92000 	C:\WINDOWS\System32\SHCORE.dll
0x00007ff8e82d0000 - 0x00007ff8e8337000 	C:\WINDOWS\System32\shlwapi.dll
0x00007ff8e61d0000 - 0x00007ff8e61f9000 	C:\WINDOWS\SYSTEM32\profapi.dll
0x00007ff8c3d50000 - 0x00007ff8c3d68000 	c:\Users\ilyes\.vscode\extensions\redhat.java-1.49.0-win32-x64\jre\21.0.9-win32-x86_64\bin\zip.dll
0x00007ff8c9f30000 - 0x00007ff8c9f40000 	C:\Users\ilyes\.vscode\extensions\redhat.java-1.49.0-win32-x64\jre\21.0.9-win32-x86_64\bin\net.dll
0x00007ff8df6e0000 - 0x00007ff8df808000 	C:\WINDOWS\SYSTEM32\WINHTTP.dll
0x00007ff8e5700000 - 0x00007ff8e576b000 	C:\WINDOWS\system32\mswsock.dll
0x00007ff8c11d0000 - 0x00007ff8c11e6000 	C:\Users\ilyes\.vscode\extensions\redhat.java-1.49.0-win32-x64\jre\21.0.9-win32-x86_64\bin\nio.dll
0x00007ff8c9720000 - 0x00007ff8c9730000 	c:\Users\ilyes\.vscode\extensions\redhat.java-1.49.0-win32-x64\jre\21.0.9-win32-x86_64\bin\verify.dll
0x00007ff87d620000 - 0x00007ff87d664000 	C:\Users\ilyes\AppData\Roaming\Code\User\globalStorage\redhat.java\1.49.0\config_win\org.eclipse.equinox.launcher\org.eclipse.equinox.launcher.win32.win32.x86_64_1.2.1400.v20250801-0854\eclipse_11916.dll
0x00007ff8e8bd0000 - 0x00007ff8e8d67000 	C:\WINDOWS\System32\ole32.dll
0x00007ff8e59c0000 - 0x00007ff8e59db000 	C:\WINDOWS\SYSTEM32\CRYPTSP.dll
0x00007ff8e50f0000 - 0x00007ff8e512a000 	C:\WINDOWS\system32\rsaenh.dll
0x00007ff8e57b0000 - 0x00007ff8e57db000 	C:\WINDOWS\SYSTEM32\USERENV.dll
0x00007ff8e61a0000 - 0x00007ff8e61ca000 	C:\WINDOWS\SYSTEM32\bcrypt.dll
0x00007ff8e59e0000 - 0x00007ff8e59ec000 	C:\WINDOWS\SYSTEM32\CRYPTBASE.dll
0x00007ff8e4c30000 - 0x00007ff8e4c64000 	C:\WINDOWS\SYSTEM32\IPHLPAPI.DLL
0x00007ff8e8200000 - 0x00007ff8e820a000 	C:\WINDOWS\System32\NSI.dll
0x00007ff879970000 - 0x00007ff8799b9000 	C:\Users\ilyes\AppData\Local\Temp\jna-100306660\jna5583032311517463562.dll
0x00007ff8e7180000 - 0x00007ff8e7188000 	C:\WINDOWS\System32\PSAPI.DLL
0x00007ff8df840000 - 0x00007ff8df85e000 	C:\WINDOWS\SYSTEM32\dhcpcsvc6.DLL
0x00007ff8df810000 - 0x00007ff8df833000 	C:\WINDOWS\SYSTEM32\dhcpcsvc.DLL

JVMTI agents:
c:\Users\ilyes\.vscode\extensions\redhat.java-1.49.0-win32-x64\lombok\lombok-1.18.39-4050.jar path:c:\Users\ilyes\.vscode\extensions\redhat.java-1.49.0-win32-x64\jre\21.0.9-win32-x86_64\bin\instrument.dll, loaded, initialized, instrumentlib options:none

dbghelp: loaded successfully - version: 4.0.5 - missing functions: none
symbol engine: initialized successfully - sym options: 0x614 - pdb path: .;c:\Users\ilyes\.vscode\extensions\redhat.java-1.49.0-win32-x64\jre\21.0.9-win32-x86_64\bin;C:\WINDOWS\SYSTEM32;C:\WINDOWS\WinSxS\amd64_microsoft.windows.common-controls_6595b64144ccf1df_6.0.26100.7019_none_3e06ffa0e335b8a8;c:\Users\ilyes\.vscode\extensions\redhat.java-1.49.0-win32-x64\jre\21.0.9-win32-x86_64\bin\server;C:\Users\ilyes\AppData\Roaming\Code\User\globalStorage\redhat.java\1.49.0\config_win\org.eclipse.equinox.launcher\org.eclipse.equinox.launcher.win32.win32.x86_64_1.2.1400.v20250801-0854;C:\Users\ilyes\AppData\Local\Temp\jna-100306660

VM Arguments:
jvm_args: --add-modules=ALL-SYSTEM --add-opens=java.base/java.util=ALL-UNNAMED --add-opens=java.base/java.lang=ALL-UNNAMED --add-opens=java.base/sun.nio.fs=ALL-UNNAMED -Declipse.application=org.eclipse.jdt.ls.core.id1 -Dosgi.bundles.defaultStartLevel=4 -Declipse.product=org.eclipse.jdt.ls.core.product -Djava.import.generatesMetadataFilesAtProjectRoot=false -DDetectVMInstallationsJob.disabled=true -Dfile.encoding=utf8 -XX:+UseParallelGC -XX:GCTimeRatio=4 -XX:AdaptiveSizePolicyWeight=90 -Dsun.zip.disableMemoryMapping=true -Xmx2G -Xms100m -Xlog:disable -javaagent:c:\Users\ilyes\.vscode\extensions\redhat.java-1.49.0-win32-x64\lombok\lombok-1.18.39-4050.jar -XX:+HeapDumpOnOutOfMemoryError -XX:HeapDumpPath=c:\Users\ilyes\AppData\Roaming\Code\User\workspaceStorage\cdbb154c360221db173f0bf144de973e\redhat.java -Daether.dependencyCollector.impl=bf 
java_command: c:\Users\ilyes\.vscode\extensions\redhat.java-1.49.0-win32-x64\server\plugins\org.eclipse.equinox.launcher_1.7.100.v20251111-0406.jar -configuration c:\Users\ilyes\AppData\Roaming\Code\User\globalStorage\redhat.java\1.49.0\config_win -data c:\Users\ilyes\AppData\Roaming\Code\User\workspaceStorage\cdbb154c360221db173f0bf144de973e\redhat.java\jdt_ws --pipe=\\.\pipe\lsp-8e9e4f826ab8686c55b79ea39f8dc16e-sock
java_class_path (initial): c:\Users\ilyes\.vscode\extensions\redhat.java-1.49.0-win32-x64\server\plugins\org.eclipse.equinox.launcher_1.7.100.v20251111-0406.jar
Launcher Type: SUN_STANDARD

[Global flags]
    uintx AdaptiveSizePolicyWeight                 = 90                                        {product} {command line}
     intx CICompilerCount                          = 12                                        {product} {ergonomic}
    uintx GCTimeRatio                              = 4                                         {product} {command line}
     bool HeapDumpOnOutOfMemoryError               = true                                   {manageable} {command line}
    ccstr HeapDumpPath                             = c:\Users\ilyes\AppData\Roaming\Code\User\workspaceStorage\cdbb154c360221db173f0bf144de973e\redhat.java         {manageable} {command line}
   size_t InitialHeapSize                          = 104857600                                 {product} {command line}
   size_t MaxHeapSize                              = 2147483648                                {product} {command line}
   size_t MaxNewSize                               = 715653120                                 {product} {ergonomic}
   size_t MinHeapDeltaBytes                        = 524288                                    {product} {ergonomic}
   size_t MinHeapSize                              = 104857600                                 {product} {command line}
   size_t NewSize                                  = 34603008                                  {product} {ergonomic}
    uintx NonNMethodCodeHeapSize                   = 7602480                                {pd product} {ergonomic}
    uintx NonProfiledCodeHeapSize                  = 122027880                              {pd product} {ergonomic}
   size_t OldSize                                  = 70254592                                  {product} {ergonomic}
    uintx ProfiledCodeHeapSize                     = 122027880                              {pd product} {ergonomic}
    uintx ReservedCodeCacheSize                    = 251658240                              {pd product} {ergonomic}
     bool SegmentedCodeCache                       = true                                      {product} {ergonomic}
   size_t SoftMaxHeapSize                          = 2147483648                             {manageable} {ergonomic}
     bool UseCompressedOops                        = true                           {product lp64_product} {ergonomic}
     bool UseLargePagesIndividualAllocation        = false                                  {pd product} {ergonomic}
     bool UseParallelGC                            = true                                      {product} {command line}

Logging:
Log output configuration:
 #0: stdout all=off uptime,level,tags foldmultilines=false
 #1: stderr all=off uptime,level,tags foldmultilines=false

Release file:
JAVA_VERSION="21.0.9" 
MODULES="java.base java.compiler java.datatransfer java.xml java.prefs java.desktop java.instrument java.logging java.management java.security.sasl java.naming java.rmi java.management.rmi java.net.http java.scripting java.security.jgss java.transaction.xa java.sql java.sql.rowset java.xml.crypto java.se java.smartcardio jdk.accessibility jdk.internal.jvmstat jdk.attach jdk.charsets jdk.internal.opt jdk.zipfs jdk.compiler jdk.crypto.ec jdk.crypto.cryptoki jdk.crypto.mscapi jdk.dynalink jdk.internal.ed jdk.editpad jdk.hotspot.agent jdk.httpserver jdk.internal.le jdk.internal.vm.ci jdk.internal.vm.compiler jdk.internal.vm.compiler.management jdk.jartool jdk.javadoc jdk.jcmd jdk.management jdk.management.agent jdk.jconsole jdk.jdeps jdk.jdwp.agent jdk.jdi jdk.jfr jdk.jshell jdk.jsobject jdk.jstatd jdk.localedata jdk.management.jfr jdk.naming.dns jdk.naming.rmi jdk.net jdk.nio.mapmode jdk.random jdk.sctp jdk.security.auth jdk.security.jgss jdk.unsupported jdk.unsupported.desktop jdk.xml.dom" 

Environment Variables:
JAVA_HOME=C:\Program Files\Java\jdk-11\bin
PATH=C:\Program Files\Java\jdk-11.0.20\bin\bin;C:\Program Files (x86)\Common Files\Oracle\Java\javapath;C:\Program Files\Java\jdk-11.0.20\bin;C:\Program Files (x86)\Common Files\Oracle\Java\javapath;C:\Program Files\Java\jdk-11.0.20\bin;C:\Program Files\Java\jdk-11.0.20\bin\bin;C:\Program Files (x86)\Common Files\Oracle\Java\javapath;C:\Program Files\Java\jdk-11.0.20\bin;C:\Program Files (x86)\Common Files\Oracle\Java\javapath;C:\Program Files\Java\jdk-11.0.20\bin;%PATH%;C:\Users\ilyes\AppData\Local\Programs\Python\Python310\Scripts\;C:\Users\ilyes\AppData\Local\Programs\Python\Python310\;C:\Users\ilyes\AppData\Local\Programs\Python\Launcher\;C:\Users\ilyes\AppData\Local\Microsoft\WindowsApps;C:\Users\ilyes\AppData\Local\Programs\Microsoft VS Code\bin;C:\Users\ilyes\AppData\Roaming\npm;C:\Users\ilyes\AppData\Roaming\Composer\vendor\bin;C:\flutter\bin;C:\spark\bin;C:\hadoop\bin;C:\Users\ilyes\AppData\Local\Programs\Python\Python310\Scripts\;C:\Users\ilyes\AppData\Local\Programs\Python\Python310\;C:\Users\ilyes\AppD;C:\Users\ilyes\AppData\Local\Programs\Python\Python310\Scripts\;C:\Users\ilyes\AppData\Local\Programs\Python\Python310\;C:\Users\ilyes\AppData\Local\Programs\Python\Launcher\;C:\Users\ilyes\AppData\Local\Microsoft\WindowsApps;C:\Users\ilyes\AppData\Local\Programs\Microsoft VS Code\bin;C:\Users\ilyes\AppData\Roaming\npm;C:\Users\ilyes\AppData\Roaming\Composer\vendor\bin;C:\flutter\bin;C:\spark\bin;C:\hadoop\bin;
USERNAME=ilyes
OS=Windows_NT
PROCESSOR_IDENTIFIER=Intel64 Family 6 Model 183 Stepping 1, GenuineIntel
TMP=C:\Users\ilyes\AppData\Local\Temp
TEMP=C:\Users\ilyes\AppData\Local\Temp




Periodic native trim disabled

---------------  S Y S T E M  ---------------

OS:
 Windows 11 , 64 bit Build 26100 (10.0.26100.7019)
OS uptime: 0 days 5:28 hours
Hyper-V role detected

CPU: total 20 (initial active 20) (10 cores per cpu, 2 threads per core) family 6 model 183 stepping 1 microcode 0x12f, cx8, cmov, fxsr, ht, mmx, 3dnowpref, sse, sse2, sse3, ssse3, sse4.1, sse4.2, popcnt, lzcnt, tsc, tscinvbit, avx, avx2, aes, erms, clmul, bmi1, bmi2, adx, sha, fma, vzeroupper, clflush, clflushopt, clwb, hv, serialize, rdtscp, rdpid, fsrm, f16c, cet_ibt, cet_ss
Processor Information for processor 0
  Max Mhz: 2600, Current Mhz: 2600, Mhz Limit: 2600
Processor Information for processor 1
  Max Mhz: 2600, Current Mhz: 2600, Mhz Limit: 2600
Processor Information for processor 2
  Max Mhz: 2600, Current Mhz: 2600, Mhz Limit: 2600
Processor Information for processor 3
  Max Mhz: 2600, Current Mhz: 2600, Mhz Limit: 2600
Processor Information for processor 4
  Max Mhz: 2600, Current Mhz: 2600, Mhz Limit: 2600
Processor Information for processor 5
  Max Mhz: 2600, Current Mhz: 2600, Mhz Limit: 2600
Processor Information for processor 6
  Max Mhz: 2600, Current Mhz: 2600, Mhz Limit: 2600
Processor Information for processor 7
  Max Mhz: 2600, Current Mhz: 2600, Mhz Limit: 2600
Processor Information for processor 8
  Max Mhz: 2600, Current Mhz: 2600, Mhz Limit: 2600
Processor Information for processor 9
  Max Mhz: 2600, Current Mhz: 2600, Mhz Limit: 2600
Processor Information for processor 10
  Max Mhz: 2600, Current Mhz: 2600, Mhz Limit: 2600
Processor Information for processor 11
  Max Mhz: 2600, Current Mhz: 2600, Mhz Limit: 2600
Processor Information for processor 12
  Max Mhz: 2600, Current Mhz: 2600, Mhz Limit: 2600
Processor Information for processor 13
  Max Mhz: 2600, Current Mhz: 1505, Mhz Limit: 2600
Processor Information for processor 14
  Max Mhz: 2600, Current Mhz: 2600, Mhz Limit: 2600
Processor Information for processor 15
  Max Mhz: 2600, Current Mhz: 2600, Mhz Limit: 2600
Processor Information for processor 16
  Max Mhz: 2600, Current Mhz: 2600, Mhz Limit: 2600
Processor Information for processor 17
  Max Mhz: 2600, Current Mhz: 2600, Mhz Limit: 2600
Processor Information for processor 18
  Max Mhz: 2600, Current Mhz: 2600, Mhz Limit: 2600
Processor Information for processor 19
  Max Mhz: 2600, Current Mhz: 2600, Mhz Limit: 2600

Memory: 4k page, system-wide physical 16068M (3208M free)
TotalPageFile size 16068M (AvailPageFile size 15M)
current process WorkingSet (physical memory assigned to process): 304M, peak: 306M
current process commit charge ("private bytes"): 407M, peak: 411M

vm_info: OpenJDK 64-Bit Server VM (21.0.9+10-LTS) for windows-amd64 JRE (21.0.9+10-LTS), built on 2025-10-21T00:00:00Z by "admin" with unknown MS VC++:1942

END.
