#
# There is insufficient memory for the Java Runtime Environment to continue.
# Native memory allocation (malloc) failed to allocate 1103376 bytes. Error detail: Chunk::new
# Possible reasons:
#   The system is out of physical RAM or swap space
#   This process is running with CompressedOops enabled, and the Java Heap may be blocking the growth of the native heap
# Possible solutions:
#   Reduce memory load on the system
#   Increase physical memory or swap space
#   Check if swap backing store is full
#   Decrease Java heap size (-Xmx/-Xms)
#   Decrease number of Java threads
#   Decrease Java thread stack sizes (-Xss)
#   Set larger code cache with -XX:ReservedCodeCacheSize=
#   JVM is running with Unscaled Compressed Oops mode in which the Java heap is
#     placed in the first 4GB address space. The Java Heap base address is the
#     maximum limit for the native heap growth. Please use -XX:HeapBaseMinAddress
#     to set the Java Heap base and to place the Java Heap above 4GB virtual address.
# This output file may be truncated or incomplete.
#
#  Out of Memory Error (arena.cpp:168), pid=23012, tid=24856
#
# JRE version: OpenJDK Runtime Environment Temurin-21.0.9+10 (21.0.9+10) (build 21.0.9+10-LTS)
# Java VM: OpenJDK 64-Bit Server VM Temurin-21.0.9+10 (21.0.9+10-LTS, mixed mode, sharing, tiered, compressed oops, compressed class ptrs, parallel gc, windows-amd64)
# No core dump will be written. Minidumps are not enabled by default on client versions of Windows
#

---------------  S U M M A R Y ------------

Command Line: --add-modules=ALL-SYSTEM --add-opens=java.base/java.util=ALL-UNNAMED --add-opens=java.base/java.lang=ALL-UNNAMED --add-opens=java.base/sun.nio.fs=ALL-UNNAMED -Declipse.application=org.eclipse.jdt.ls.core.id1 -Dosgi.bundles.defaultStartLevel=4 -Declipse.product=org.eclipse.jdt.ls.core.product -Djava.import.generatesMetadataFilesAtProjectRoot=false -DDetectVMInstallationsJob.disabled=true -Dfile.encoding=utf8 -XX:+UseParallelGC -XX:GCTimeRatio=4 -XX:AdaptiveSizePolicyWeight=90 -Dsun.zip.disableMemoryMapping=true -Xmx2G -Xms100m -Xlog:disable -javaagent:c:\Users\ilyes\.vscode\extensions\redhat.java-1.49.0-win32-x64\lombok\lombok-1.18.39-4050.jar -XX:+HeapDumpOnOutOfMemoryError -XX:HeapDumpPath=c:\Users\ilyes\AppData\Roaming\Code\User\workspaceStorage\cdbb154c360221db173f0bf144de973e\redhat.java -Daether.dependencyCollector.impl=bf c:\Users\ilyes\.vscode\extensions\redhat.java-1.49.0-win32-x64\server\plugins\org.eclipse.equinox.launcher_1.7.100.v20251111-0406.jar -configuration c:\Users\ilyes\AppData\Roaming\Code\User\globalStorage\redhat.java\1.49.0\config_win -data c:\Users\ilyes\AppData\Roaming\Code\User\workspaceStorage\cdbb154c360221db173f0bf144de973e\redhat.java\jdt_ws --pipe=\\.\pipe\lsp-bb7871b7dc937d2ad29643a8246f5325-sock

Host: 13th Gen Intel(R) Core(TM) i7-13650HX, 20 cores, 15G,  Windows 11 , 64 bit Build 26100 (10.0.26100.7019)
Time: Thu Nov 20 03:58:47 2025 Afr. centrale Ouest elapsed time: 1452.005113 seconds (0d 0h 24m 12s)

---------------  T H R E A D  ---------------

Current thread (0x000002005e95cc90):  JavaThread "C2 CompilerThread0" daemon [_thread_in_native, id=24856, stack(0x0000001b67900000,0x0000001b67a00000) (1024K)]


Current CompileTask:
C2:1452005 25542   !   4       org.eclipse.jdt.internal.core.search.indexing.BinaryIndexer::indexDocument (1172 bytes)

Stack: [0x0000001b67900000,0x0000001b67a00000]
Native frames: (J=compiled Java code, j=interpreted, Vv=VM code, C=native code)
V  [jvm.dll+0x6d6e29]
V  [jvm.dll+0x8b4b76]
V  [jvm.dll+0x8b712e]
V  [jvm.dll+0x8b7813]
V  [jvm.dll+0x283d86]
V  [jvm.dll+0xc66ed]
V  [jvm.dll+0xc6c31]
V  [jvm.dll+0x2facee]
V  [jvm.dll+0x5fde44]
V  [jvm.dll+0x255557]
V  [jvm.dll+0x25591d]
V  [jvm.dll+0x24df40]
V  [jvm.dll+0x24b482]
V  [jvm.dll+0x1cb13e]
V  [jvm.dll+0x25b29d]
V  [jvm.dll+0x25982a]
V  [jvm.dll+0x3f7ea6]
V  [jvm.dll+0x85e9ad]
V  [jvm.dll+0x6d565d]
C  [ucrtbase.dll+0x37b0]
C  [KERNEL32.DLL+0x2e8d7]
C  [ntdll.dll+0x8c53c]


---------------  P R O C E S S  ---------------

Threads class SMR info:
_java_thread_list=0x00000200720551a0, length=86, elements={
0x0000020003544be0, 0x000002001c54b410, 0x000002001c54c320, 0x000002001c557440,
0x000002001c557e90, 0x000002001c5596a0, 0x000002001c55b100, 0x000002005e95cc90,
0x000002005e96a840, 0x000002005eb03c60, 0x0000020065048bc0, 0x00000200655cbe30,
0x0000020065bbe650, 0x00000200657a0480, 0x00000200655c1740, 0x0000020065e44ad0,
0x0000020065d853b0, 0x00000200663b38f0, 0x00000200663b4ca0, 0x00000200663b3f80,
0x00000200663b59c0, 0x0000020067446e00, 0x0000020067446770, 0x0000020067444d30,
0x0000020067447b20, 0x0000020067447490, 0x00000200674481b0, 0x00000200674460e0,
0x0000020067445a50, 0x0000020067448840, 0x00000200674453c0, 0x000002006744a280,
0x000002006744b630, 0x000002006744a910, 0x0000020067448ed0, 0x0000020067449bf0,
0x000002006744c350, 0x0000020067449560, 0x000002006744bcc0, 0x000002006744afa0,
0x0000020067c868c0, 0x0000020067c85ba0, 0x0000020067c86f50, 0x0000020067c89020,
0x0000020067c88990, 0x0000020067c896b0, 0x0000020067c86230, 0x0000020067c89d40,
0x0000020067c8b0f0, 0x0000020067c8a3d0, 0x0000020067c8aa60, 0x0000020067c8c4a0,
0x0000020067c8cb30, 0x0000020068eddad0, 0x0000020068ee1c70, 0x000002005ec34710,
0x000002006c6d1e10, 0x000002006c6d0a60, 0x000002006c6cf020, 0x000002006c874a00,
0x000002005ec2fee0, 0x0000020068ee36b0, 0x0000020068edee80, 0x0000020068ede160,
0x0000020068edfba0, 0x0000020066c51b70, 0x0000020066c4f960, 0x0000020068ee2300,
0x0000020068ee0230, 0x0000020068ee4a60, 0x0000020069226440, 0x0000020066433700,
0x0000020066433030, 0x0000020068ee15e0, 0x000002005ec34080, 0x000002005ec31290,
0x000002005ec31920, 0x000002005ec30c00, 0x000002005ec35430, 0x000002005ec35ac0,
0x000002005ec339f0, 0x000002005ec34da0, 0x000002005ec32640, 0x000002005ec36150,
0x000002005ec32cd0, 0x000002005ec367e0
}

Java Threads: ( => current thread )
  0x0000020003544be0 JavaThread "main"                              [_thread_blocked, id=27600, stack(0x0000001b66f00000,0x0000001b67000000) (1024K)]
  0x000002001c54b410 JavaThread "Reference Handler"          daemon [_thread_blocked, id=21848, stack(0x0000001b67300000,0x0000001b67400000) (1024K)]
  0x000002001c54c320 JavaThread "Finalizer"                  daemon [_thread_blocked, id=17964, stack(0x0000001b67400000,0x0000001b67500000) (1024K)]
  0x000002001c557440 JavaThread "Signal Dispatcher"          daemon [_thread_blocked, id=18232, stack(0x0000001b67500000,0x0000001b67600000) (1024K)]
  0x000002001c557e90 JavaThread "Attach Listener"            daemon [_thread_blocked, id=11636, stack(0x0000001b67600000,0x0000001b67700000) (1024K)]
  0x000002001c5596a0 JavaThread "Service Thread"             daemon [_thread_blocked, id=26356, stack(0x0000001b67700000,0x0000001b67800000) (1024K)]
  0x000002001c55b100 JavaThread "Monitor Deflation Thread"   daemon [_thread_blocked, id=26872, stack(0x0000001b67800000,0x0000001b67900000) (1024K)]
=>0x000002005e95cc90 JavaThread "C2 CompilerThread0"         daemon [_thread_in_native, id=24856, stack(0x0000001b67900000,0x0000001b67a00000) (1024K)]
  0x000002005e96a840 JavaThread "C1 CompilerThread0"         daemon [_thread_blocked, id=19520, stack(0x0000001b67a00000,0x0000001b67b00000) (1024K)]
  0x000002005eb03c60 JavaThread "Common-Cleaner"             daemon [_thread_blocked, id=3448, stack(0x0000001b67e00000,0x0000001b67f00000) (1024K)]
  0x0000020065048bc0 JavaThread "Notification Thread"        daemon [_thread_blocked, id=16096, stack(0x0000001b68000000,0x0000001b68100000) (1024K)]
  0x00000200655cbe30 JavaThread "Active Thread: Equinox Container: ed2ba032-8b7e-4bc0-ab44-f5a3774fb20c"        [_thread_blocked, id=9904, stack(0x0000001b68a00000,0x0000001b68b00000) (1024K)]
  0x0000020065bbe650 JavaThread "Refresh Thread: Equinox Container: ed2ba032-8b7e-4bc0-ab44-f5a3774fb20c" daemon [_thread_blocked, id=12980, stack(0x0000001b68c00000,0x0000001b68d00000) (1024K)]
  0x00000200657a0480 JavaThread "Framework Event Dispatcher: Equinox Container: ed2ba032-8b7e-4bc0-ab44-f5a3774fb20c" daemon [_thread_blocked, id=24916, stack(0x0000001b68d00000,0x0000001b68e00000) (1024K)]
  0x00000200655c1740 JavaThread "Start Level: Equinox Container: ed2ba032-8b7e-4bc0-ab44-f5a3774fb20c" daemon [_thread_blocked, id=26160, stack(0x0000001b68e00000,0x0000001b68f00000) (1024K)]
  0x0000020065e44ad0 JavaThread "Bundle File Closer"         daemon [_thread_blocked, id=2148, stack(0x0000001b69200000,0x0000001b69300000) (1024K)]
  0x0000020065d853b0 JavaThread "SCR Component Actor"        daemon [_thread_blocked, id=25168, stack(0x0000001b68100000,0x0000001b68200000) (1024K)]
  0x00000200663b38f0 JavaThread "Worker-JM"                         [_thread_blocked, id=20080, stack(0x0000001b69300000,0x0000001b69400000) (1024K)]
  0x00000200663b4ca0 JavaThread "JNA Cleaner"                daemon [_thread_blocked, id=5968, stack(0x0000001b68900000,0x0000001b68a00000) (1024K)]
  0x00000200663b3f80 JavaThread "Java indexing"              daemon [_thread_in_native, id=2236, stack(0x0000001b69b00000,0x0000001b69c00000) (1024K)]
  0x00000200663b59c0 JavaThread "Thread-1"                   daemon [_thread_in_native, id=23916, stack(0x0000001b6a000000,0x0000001b6a100000) (1024K)]
  0x0000020067446e00 JavaThread "Thread-2"                   daemon [_thread_in_native, id=13892, stack(0x0000001b6a100000,0x0000001b6a200000) (1024K)]
  0x0000020067446770 JavaThread "Thread-3"                   daemon [_thread_in_native, id=7508, stack(0x0000001b6a200000,0x0000001b6a300000) (1024K)]
  0x0000020067444d30 JavaThread "Thread-4"                   daemon [_thread_in_native, id=16052, stack(0x0000001b6a300000,0x0000001b6a400000) (1024K)]
  0x0000020067447b20 JavaThread "Thread-5"                   daemon [_thread_in_native, id=2540, stack(0x0000001b6a400000,0x0000001b6a500000) (1024K)]
  0x0000020067447490 JavaThread "Thread-6"                   daemon [_thread_in_native, id=21244, stack(0x0000001b6a500000,0x0000001b6a600000) (1024K)]
  0x00000200674481b0 JavaThread "Thread-7"                   daemon [_thread_in_native, id=14988, stack(0x0000001b6a600000,0x0000001b6a700000) (1024K)]
  0x00000200674460e0 JavaThread "Thread-8"                   daemon [_thread_in_native, id=26056, stack(0x0000001b6a700000,0x0000001b6a800000) (1024K)]
  0x0000020067445a50 JavaThread "Thread-9"                   daemon [_thread_in_native, id=15044, stack(0x0000001b6a800000,0x0000001b6a900000) (1024K)]
  0x0000020067448840 JavaThread "Thread-10"                  daemon [_thread_in_native, id=24772, stack(0x0000001b6a900000,0x0000001b6aa00000) (1024K)]
  0x00000200674453c0 JavaThread "Thread-11"                  daemon [_thread_in_native, id=20032, stack(0x0000001b6aa00000,0x0000001b6ab00000) (1024K)]
  0x000002006744a280 JavaThread "Thread-12"                  daemon [_thread_in_native, id=24808, stack(0x0000001b6ab00000,0x0000001b6ac00000) (1024K)]
  0x000002006744b630 JavaThread "Thread-13"                  daemon [_thread_in_native, id=21336, stack(0x0000001b6ac00000,0x0000001b6ad00000) (1024K)]
  0x000002006744a910 JavaThread "Thread-14"                  daemon [_thread_in_native, id=16772, stack(0x0000001b6ad00000,0x0000001b6ae00000) (1024K)]
  0x0000020067448ed0 JavaThread "Thread-15"                  daemon [_thread_in_native, id=21600, stack(0x0000001b6ae00000,0x0000001b6af00000) (1024K)]
  0x0000020067449bf0 JavaThread "Thread-16"                  daemon [_thread_in_native, id=11464, stack(0x0000001b6af00000,0x0000001b6b000000) (1024K)]
  0x000002006744c350 JavaThread "Thread-17"                  daemon [_thread_in_native, id=19196, stack(0x0000001b6b000000,0x0000001b6b100000) (1024K)]
  0x0000020067449560 JavaThread "Thread-18"                  daemon [_thread_in_native, id=25084, stack(0x0000001b6b100000,0x0000001b6b200000) (1024K)]
  0x000002006744bcc0 JavaThread "Thread-19"                  daemon [_thread_in_native, id=17932, stack(0x0000001b6b200000,0x0000001b6b300000) (1024K)]
  0x000002006744afa0 JavaThread "Thread-20"                  daemon [_thread_in_native, id=16176, stack(0x0000001b6b300000,0x0000001b6b400000) (1024K)]
  0x0000020067c868c0 JavaThread "Thread-21"                  daemon [_thread_in_native, id=15372, stack(0x0000001b6b400000,0x0000001b6b500000) (1024K)]
  0x0000020067c85ba0 JavaThread "pool-2-thread-1"                   [_thread_blocked, id=3528, stack(0x0000001b6b500000,0x0000001b6b600000) (1024K)]
  0x0000020067c86f50 JavaThread "WorkspaceEventsHandler"            [_thread_blocked, id=26996, stack(0x0000001b6ba00000,0x0000001b6bb00000) (1024K)]
  0x0000020067c89020 JavaThread "pool-1-thread-1"                   [_thread_blocked, id=20532, stack(0x0000001b6bb00000,0x0000001b6bc00000) (1024K)]
  0x0000020067c88990 JavaThread "ForkJoinPool.commonPool-worker-1" daemon [_thread_blocked, id=7252, stack(0x0000001b6bc00000,0x0000001b6bd00000) (1024K)]
  0x0000020067c896b0 JavaThread "ForkJoinPool.commonPool-worker-2" daemon [_thread_blocked, id=14580, stack(0x0000001b6bd00000,0x0000001b6be00000) (1024K)]
  0x0000020067c86230 JavaThread "ForkJoinPool.commonPool-worker-5" daemon [_thread_blocked, id=6168, stack(0x0000001b6c000000,0x0000001b6c100000) (1024K)]
  0x0000020067c89d40 JavaThread "ForkJoinPool.commonPool-worker-6" daemon [_thread_blocked, id=5112, stack(0x0000001b6c100000,0x0000001b6c200000) (1024K)]
  0x0000020067c8b0f0 JavaThread "ForkJoinPool.commonPool-worker-8" daemon [_thread_blocked, id=19232, stack(0x0000001b6c300000,0x0000001b6c400000) (1024K)]
  0x0000020067c8a3d0 JavaThread "ForkJoinPool.commonPool-worker-10" daemon [_thread_blocked, id=2088, stack(0x0000001b6c500000,0x0000001b6c600000) (1024K)]
  0x0000020067c8aa60 JavaThread "ForkJoinPool.commonPool-worker-11" daemon [_thread_blocked, id=15656, stack(0x0000001b6c600000,0x0000001b6c700000) (1024K)]
  0x0000020067c8c4a0 JavaThread "ForkJoinPool.commonPool-worker-13" daemon [_thread_blocked, id=26316, stack(0x0000001b6c800000,0x0000001b6c900000) (1024K)]
  0x0000020067c8cb30 JavaThread "ForkJoinPool.commonPool-worker-14" daemon [_thread_blocked, id=21572, stack(0x0000001b6c900000,0x0000001b6ca00000) (1024K)]
  0x0000020068eddad0 JavaThread "ForkJoinPool.commonPool-worker-17" daemon [_thread_blocked, id=20068, stack(0x0000001b6cc00000,0x0000001b6cd00000) (1024K)]
  0x0000020068ee1c70 JavaThread "ForkJoinPool.commonPool-worker-18" daemon [_thread_blocked, id=22928, stack(0x0000001b6cd00000,0x0000001b6ce00000) (1024K)]
  0x000002005ec34710 JavaThread "Cleaner-0"                  daemon [_thread_blocked, id=22956, stack(0x0000001b6e600000,0x0000001b6e700000) (1024K)]
  0x000002006c6d1e10 JavaThread "Java Debug Server"          daemon [_thread_in_native, id=18832, stack(0x0000001b67f00000,0x0000001b68000000) (1024K)]
  0x000002006c6d0a60 JavaThread "RxSchedulerPurge-1"         daemon [_thread_blocked, id=25312, stack(0x0000001b6e000000,0x0000001b6e100000) (1024K)]
  0x000002006c6cf020 JavaThread "RxCachedWorkerPoolEvictor-1" daemon [_thread_blocked, id=25880, stack(0x0000001b6e100000,0x0000001b6e200000) (1024K)]
  0x000002006c874a00 JavaThread "ForkJoinPool.commonPool-worker-20" daemon [_thread_blocked, id=24604, stack(0x0000001b66d00000,0x0000001b66e00000) (1024K)]
  0x000002005ec2fee0 JavaThread "Worker-21"                         [_thread_blocked, id=22592, stack(0x0000001b67b00000,0x0000001b67c00000) (1024K)]
  0x0000020068ee36b0 JavaThread "Worker-26"                         [_thread_blocked, id=4504, stack(0x0000001b6cb00000,0x0000001b6cc00000) (1024K)]
  0x0000020068edee80 JavaThread "Worker-27: Java indexing... "        [_thread_blocked, id=14220, stack(0x0000001b66e00000,0x0000001b66f00000) (1024K)]
  0x0000020068ede160 JavaThread "Worker-28: Updating project configurations"        [_thread_blocked, id=19708, stack(0x0000001b67c00000,0x0000001b67d00000) (1024K)]
  0x0000020068edfba0 JavaThread "Worker-29: Send Classpath Notifications"        [_thread_blocked, id=10336, stack(0x0000001b69600000,0x0000001b69700000) (1024K)]
  0x0000020066c51b70 JavaThread "C1 CompilerThread1"         daemon [_thread_blocked, id=10944, stack(0x0000001b69e00000,0x0000001b69f00000) (1024K)]
  0x0000020066c4f960 JavaThread "C2 CompilerThread1"         daemon [_thread_in_native, id=4864, stack(0x0000001b69700000,0x0000001b69800000) (1024K)]
  0x0000020068ee2300 JavaThread "Worker-30"                         [_thread_blocked, id=19676, stack(0x0000001b69900000,0x0000001b69a00000) (1024K)]
  0x0000020068ee0230 JavaThread "Worker-31: Send Classpath Notifications"        [_thread_blocked, id=17288, stack(0x0000001b69a00000,0x0000001b69b00000) (1024K)]
  0x0000020068ee4a60 JavaThread "Worker-32"                         [_thread_blocked, id=26824, stack(0x0000001b69c00000,0x0000001b69d00000) (1024K)]
  0x0000020069226440 JavaThread "C2 CompilerThread2"         daemon [_thread_in_native, id=24284, stack(0x0000001b69d00000,0x0000001b69e00000) (1024K)]
  0x0000020066433700 JavaThread "C2 CompilerThread3"         daemon [_thread_blocked, id=3032, stack(0x0000001b69f00000,0x0000001b6a000000) (1024K)]
  0x0000020066433030 JavaThread "C2 CompilerThread4"         daemon [_thread_in_native, id=20412, stack(0x0000001b6b600000,0x0000001b6b700000) (1024K)]
  0x0000020068ee15e0 JavaThread "LocalFile Deleter"          daemon [_thread_blocked, id=24740, stack(0x0000001b6b700000,0x0000001b6b800000) (1024K)]
  0x000002005ec34080 JavaThread "LocalFile Deleter"          daemon [_thread_blocked, id=3976, stack(0x0000001b6b800000,0x0000001b6b900000) (1024K)]
  0x000002005ec31290 JavaThread "LocalFile Deleter"          daemon [_thread_blocked, id=19700, stack(0x0000001b6b900000,0x0000001b6ba00000) (1024K)]
  0x000002005ec31920 JavaThread "LocalFile Deleter"          daemon [_thread_blocked, id=22076, stack(0x0000001b6be00000,0x0000001b6bf00000) (1024K)]
  0x000002005ec30c00 JavaThread "LocalFile Deleter"          daemon [_thread_blocked, id=20212, stack(0x0000001b6bf00000,0x0000001b6c000000) (1024K)]
  0x000002005ec35430 JavaThread "LocalFile Deleter"          daemon [_thread_blocked, id=19820, stack(0x0000001b6c200000,0x0000001b6c300000) (1024K)]
  0x000002005ec35ac0 JavaThread "LocalFile Deleter"          daemon [_thread_blocked, id=6832, stack(0x0000001b6c400000,0x0000001b6c500000) (1024K)]
  0x000002005ec339f0 JavaThread "LocalFile Deleter"          daemon [_thread_blocked, id=2180, stack(0x0000001b6c700000,0x0000001b6c800000) (1024K)]
  0x000002005ec34da0 JavaThread "Compiler Source File Reader" daemon [_thread_blocked, id=16004, stack(0x0000001b6ca00000,0x0000001b6cb00000) (1024K)]
  0x000002005ec32640 JavaThread "Compiler Source File Reader" daemon [_thread_blocked, id=2288, stack(0x0000001b6ce00000,0x0000001b6cf00000) (1024K)]
  0x000002005ec36150 JavaThread "Compiler Source File Reader" daemon [_thread_blocked, id=14384, stack(0x0000001b6cf00000,0x0000001b6d000000) (1024K)]
  0x000002005ec32cd0 JavaThread "Compiler Source File Reader" daemon [_thread_blocked, id=19720, stack(0x0000001b6d000000,0x0000001b6d100000) (1024K)]
  0x000002005ec367e0 JavaThread "Compiler Source File Reader" daemon [_thread_blocked, id=21200, stack(0x0000001b6d100000,0x0000001b6d200000) (1024K)]
Total: 86

Other Threads:
  0x000002001c544860 VMThread "VM Thread"                           [id=1408, stack(0x0000001b67200000,0x0000001b67300000) (1024K)]
  0x000002001c43ca00 WatcherThread "VM Periodic Task Thread"        [id=3880, stack(0x0000001b67100000,0x0000001b67200000) (1024K)]
  0x0000020005ad1290 WorkerThread "GC Thread#0"                     [id=24684, stack(0x0000001b67000000,0x0000001b67100000) (1024K)]
  0x0000020065674c60 WorkerThread "GC Thread#1"                     [id=1752, stack(0x0000001b68300000,0x0000001b68400000) (1024K)]
  0x00000200657ea3f0 WorkerThread "GC Thread#2"                     [id=16988, stack(0x0000001b68400000,0x0000001b68500000) (1024K)]
  0x0000020065819310 WorkerThread "GC Thread#3"                     [id=24752, stack(0x0000001b68500000,0x0000001b68600000) (1024K)]
  0x00000200658196b0 WorkerThread "GC Thread#4"                     [id=25972, stack(0x0000001b68600000,0x0000001b68700000) (1024K)]
  0x0000020065819a50 WorkerThread "GC Thread#5"                     [id=20476, stack(0x0000001b68700000,0x0000001b68800000) (1024K)]
  0x0000020065434c70 WorkerThread "GC Thread#6"                     [id=26540, stack(0x0000001b68800000,0x0000001b68900000) (1024K)]
  0x00000200657cdec0 WorkerThread "GC Thread#7"                     [id=10568, stack(0x0000001b68b00000,0x0000001b68c00000) (1024K)]
  0x00000200660491b0 WorkerThread "GC Thread#8"                     [id=9676, stack(0x0000001b68f00000,0x0000001b69000000) (1024K)]
  0x0000020066049550 WorkerThread "GC Thread#9"                     [id=19020, stack(0x0000001b69000000,0x0000001b69100000) (1024K)]
  0x0000020065e948c0 WorkerThread "GC Thread#10"                    [id=20424, stack(0x0000001b69100000,0x0000001b69200000) (1024K)]
  0x0000020065e93de0 WorkerThread "GC Thread#11"                    [id=12968, stack(0x0000001b68200000,0x0000001b68300000) (1024K)]
  0x0000020065e94c60 WorkerThread "GC Thread#12"                    [id=3424, stack(0x0000001b69400000,0x0000001b69500000) (1024K)]
  0x0000020065e93a40 WorkerThread "GC Thread#13"                    [id=3760, stack(0x0000001b69500000,0x0000001b69600000) (1024K)]
  0x0000020065e94180 WorkerThread "GC Thread#14"                    [id=5756, stack(0x0000001b69800000,0x0000001b69900000) (1024K)]
Total: 17

Threads with active compile tasks:
C2 CompilerThread0  1452035 25542   !   4       org.eclipse.jdt.internal.core.search.indexing.BinaryIndexer::indexDocument (1172 bytes)
C2 CompilerThread1  1452035 25549 %     4       org.eclipse.jdt.internal.core.index.DiskIndex::copyQueryResults @ 21 (221 bytes)
C2 CompilerThread2  1452035 25531   !   4       org.eclipse.jdt.internal.compiler.classfmt.ClassFileReader::<init> (1968 bytes)
C2 CompilerThread3  1452035 25495 % !   4       org.eclipse.jdt.internal.core.JarPackageFragmentRoot::computeChildren @ 246 (605 bytes)
C2 CompilerThread4  1452036 25544 %     4       org.eclipse.jdt.internal.core.search.indexing.BinaryIndexer::extractReferenceFromConstantPool @ 155 (358 bytes)
Total: 5

VM state: at safepoint (normal execution)

VM Mutex/Monitor currently owned by a thread:  ([mutex/lock_event])
[0x00007ff863d9d570] Threads_lock - owner thread: 0x000002001c544860
[0x00007ff863d9d670] Heap_lock - owner thread: 0x000002006c874a00

Heap address: 0x0000000080000000, size: 2048 MB, Compressed Oops mode: 32-bit

CDS archive(s) mapped at: [0x000002001d000000-0x000002001dba0000-0x000002001dba0000), size 12189696, SharedBaseAddress: 0x000002001d000000, ArchiveRelocationMode: 1.
Compressed class space mapped at: 0x000002001e000000-0x000002005e000000, reserved size: 1073741824
Narrow klass base: 0x000002001d000000, Narrow klass shift: 0, Narrow klass range: 0x100000000

GC Precious Log:
 CardTable entry size: 512
 CPUs: 20 total, 20 available
 Memory: 16068M
 Large Page Support: Disabled
 NUMA Support: Disabled
 Compressed Oops: Enabled (32-bit)
 Alignments: Space 512K, Generation 512K, Heap 2M
 Heap Min Capacity: 100M
 Heap Initial Capacity: 100M
 Heap Max Capacity: 2G
 Pre-touch: Disabled
 Parallel Workers: 15

Heap:
 PSYoungGen      total 7168K, used 1010K [0x00000000d5580000, 0x00000000d5d80000, 0x0000000100000000)
  eden space 6144K, 0% used [0x00000000d5580000,0x00000000d5580000,0x00000000d5b80000)
  from space 1024K, 98% used [0x00000000d5b80000,0x00000000d5c7c820,0x00000000d5c80000)
  to   space 1024K, 0% used [0x00000000d5c80000,0x00000000d5c80000,0x00000000d5d80000)
 ParOldGen       total 730112K, used 729610K [0x0000000080000000, 0x00000000ac900000, 0x00000000d5580000)
  object space 730112K, 99% used [0x0000000080000000,0x00000000ac882878,0x00000000ac900000)
 Metaspace       used 99123K, committed 100992K, reserved 1179648K
  class space    used 10331K, committed 11200K, reserved 1048576K

Card table byte_map: [0x0000020005450000,0x0000020005860000] _byte_map_base: 0x0000020005050000

Marking Bits: (ParMarkBitMap*) 0x00007ff863da2460
 Begin Bits: [0x0000020017f60000, 0x0000020019f60000)
 End Bits:   [0x0000020019f60000, 0x000002001bf60000)

Polling page: 0x0000020003b40000

Metaspace:

Usage:
  Non-class:     86.71 MB used.
      Class:     10.09 MB used.
       Both:     96.80 MB used.

Virtual space:
  Non-class space:      128.00 MB reserved,      87.69 MB ( 69%) committed,  2 nodes.
      Class space:        1.00 GB reserved,      10.94 MB (  1%) committed,  1 nodes.
             Both:        1.12 GB reserved,      98.62 MB (  9%) committed. 

Chunk freelists:
   Non-Class:  7.94 MB
       Class:  5.01 MB
        Both:  12.94 MB

MaxMetaspaceSize: unlimited
CompressedClassSpaceSize: 1.00 GB
Initial GC threshold: 21.00 MB
Current GC threshold: 156.56 MB
CDS: on
 - commit_granule_bytes: 65536.
 - commit_granule_words: 8192.
 - virtual_space_node_default_size: 8388608.
 - enlarge_chunks_in_place: 1.
 - use_allocation_guard: 0.


Internal statistics:

num_allocs_failed_limit: 9.
num_arena_births: 1952.
num_arena_deaths: 36.
num_vsnodes_births: 3.
num_vsnodes_deaths: 0.
num_space_committed: 1578.
num_space_uncommitted: 0.
num_chunks_returned_to_freelist: 58.
num_chunks_taken_from_freelist: 6888.
num_chunk_merges: 14.
num_chunk_splits: 4100.
num_chunks_enlarged: 2181.
num_inconsistent_stats: 0.

CodeHeap 'non-profiled nmethods': size=119168Kb used=21860Kb max_used=21860Kb free=97307Kb
 bounds [0x0000020010850000, 0x0000020011db0000, 0x0000020017cb0000]
CodeHeap 'profiled nmethods': size=119104Kb used=51308Kb max_used=51308Kb free=67795Kb
 bounds [0x0000020008cb0000, 0x000002000bed0000, 0x0000020010100000]
CodeHeap 'non-nmethods': size=7488Kb used=2112Kb max_used=3259Kb free=5376Kb
 bounds [0x0000020010100000, 0x0000020010450000, 0x0000020010850000]
CodeCache: size=245760Kb, used=75280Kb, max_used=76427Kb, free=170478Kb
 total_blobs=22210, nmethods=21338, adapters=771, full_count=0
Compilation: enabled, stopped_count=0, restarted_count=0

Compilation events (20 events):
Event: 1451.859 Thread 0x000002005e96a840 25553       3       org.eclipse.jdt.ls.core.internal.handlers.SourceAttachUpdateHandler::processDelta (111 bytes)
Event: 1451.859 Thread 0x000002005e96a840 nmethod 25553 0x000002000bec3490 code [0x000002000bec36c0, 0x000002000bec3f88]
Event: 1451.859 Thread 0x0000020066c4f960 nmethod 25548 0x0000020011da2010 code [0x0000020011da2480, 0x0000020011da4a40]
Event: 1451.861 Thread 0x000002005e96a840 25554       1       org.eclipse.osgi.internal.serviceregistry.ServiceRegistrationImpl::getServiceObject (5 bytes)
Event: 1451.861 Thread 0x000002005e96a840 nmethod 25554 0x0000020011da6910 code [0x0000020011da6aa0, 0x0000020011da6b68]
Event: 1451.861 Thread 0x000002005e96a840 25556       3       com.sun.org.apache.xerces.internal.utils.XMLSecurityManager$Limit::is (35 bytes)
Event: 1451.862 Thread 0x000002005e96a840 nmethod 25556 0x000002000bec4290 code [0x000002000bec4460, 0x000002000bec4698]
Event: 1451.864 Thread 0x000002005e96a840 25557       3       org.eclipse.jdt.internal.core.search.indexing.IndexManager$$Lambda/0x000002001e91ad30::test (12 bytes)
Event: 1451.864 Thread 0x0000020066c51b70 25558       3       org.eclipse.jdt.internal.core.search.indexing.IndexManager::lambda$1 (29 bytes)
Event: 1451.865 Thread 0x0000020066c51b70 nmethod 25558 0x000002000bec4790 code [0x000002000bec4960, 0x000002000bec4d48]
Event: 1451.865 Thread 0x000002005e96a840 nmethod 25557 0x000002000bec4e90 code [0x000002000bec5080, 0x000002000bec55f8]
Event: 1451.867 Thread 0x000002005e96a840 25559       1       org.eclipse.jdt.internal.launching.JREContainer::getKind (2 bytes)
Event: 1451.868 Thread 0x000002005e96a840 nmethod 25559 0x0000020011da6c10 code [0x0000020011da6da0, 0x0000020011da6e68]
Event: 1451.868 Thread 0x0000020066c4f960 25550 %     4       org.eclipse.jdt.internal.core.index.DiskIndex::writeCategoryTable @ 154 (252 bytes)
Event: 1451.877 Thread 0x000002005e96a840 25560       1       org.xml.sax.InputSource::getSystemId (5 bytes)
Event: 1451.877 Thread 0x000002005e96a840 nmethod 25560 0x0000020011da6f10 code [0x0000020011da70a0, 0x0000020011da7168]
Event: 1451.881 Thread 0x000002005e96a840 25561   !   3       sun.nio.fs.WindowsDirectoryStream$WindowsDirectoryIterator::acceptEntry (71 bytes)
Event: 1451.881 Thread 0x000002005e96a840 nmethod 25561 0x000002000bec5790 code [0x000002000bec5a00, 0x000002000bec6228]
Event: 1451.882 Thread 0x000002005e96a840 25562       3       java.lang.ThreadLocal$ThreadLocalMap::<init> (53 bytes)
Event: 1451.882 Thread 0x000002005e96a840 nmethod 25562 0x000002000bec6610 code [0x000002000bec6800, 0x000002000bec6e08]

GC Heap History (20 events):
Event: 1451.777 GC heap before
{Heap before GC invocations=1700 (full 5):
 PSYoungGen      total 8192K, used 7849K [0x00000000d5580000, 0x00000000d5e80000, 0x0000000100000000)
  eden space 7168K, 100% used [0x00000000d5580000,0x00000000d5c80000,0x00000000d5c80000)
  from space 1024K, 66% used [0x00000000d5d80000,0x00000000d5e2a7e0,0x00000000d5e80000)
  to   space 1024K, 0% used [0x00000000d5c80000,0x00000000d5c80000,0x00000000d5d80000)
 ParOldGen       total 723456K, used 723081K [0x0000000080000000, 0x00000000ac280000, 0x00000000d5580000)
  object space 723456K, 99% used [0x0000000080000000,0x00000000ac2225f0,0x00000000ac280000)
 Metaspace       used 99114K, committed 100992K, reserved 1179648K
  class space    used 10330K, committed 11200K, reserved 1048576K
}
Event: 1451.778 GC heap after
{Heap after GC invocations=1700 (full 5):
 PSYoungGen      total 8192K, used 708K [0x00000000d5580000, 0x00000000d5e80000, 0x0000000100000000)
  eden space 7168K, 0% used [0x00000000d5580000,0x00000000d5580000,0x00000000d5c80000)
  from space 1024K, 69% used [0x00000000d5c80000,0x00000000d5d31198,0x00000000d5d80000)
  to   space 1024K, 0% used [0x00000000d5d80000,0x00000000d5d80000,0x00000000d5e80000)
 ParOldGen       total 723968K, used 723457K [0x0000000080000000, 0x00000000ac300000, 0x00000000d5580000)
  object space 723968K, 99% used [0x0000000080000000,0x00000000ac2805f0,0x00000000ac300000)
 Metaspace       used 99114K, committed 100992K, reserved 1179648K
  class space    used 10330K, committed 11200K, reserved 1048576K
}
Event: 1451.784 GC heap before
{Heap before GC invocations=1701 (full 5):
 PSYoungGen      total 8192K, used 7876K [0x00000000d5580000, 0x00000000d5e80000, 0x0000000100000000)
  eden space 7168K, 100% used [0x00000000d5580000,0x00000000d5c80000,0x00000000d5c80000)
  from space 1024K, 69% used [0x00000000d5c80000,0x00000000d5d31198,0x00000000d5d80000)
  to   space 1024K, 0% used [0x00000000d5d80000,0x00000000d5d80000,0x00000000d5e80000)
 ParOldGen       total 723968K, used 723476K [0x0000000080000000, 0x00000000ac300000, 0x00000000d5580000)
  object space 723968K, 99% used [0x0000000080000000,0x00000000ac285220,0x00000000ac300000)
 Metaspace       used 99114K, committed 100992K, reserved 1179648K
  class space    used 10330K, committed 11200K, reserved 1048576K
}
Event: 1451.785 GC heap after
{Heap after GC invocations=1701 (full 5):
 PSYoungGen      total 8192K, used 699K [0x00000000d5580000, 0x00000000d5e80000, 0x0000000100000000)
  eden space 7168K, 0% used [0x00000000d5580000,0x00000000d5580000,0x00000000d5c80000)
  from space 1024K, 68% used [0x00000000d5d80000,0x00000000d5e2edb8,0x00000000d5e80000)
  to   space 1024K, 0% used [0x00000000d5c80000,0x00000000d5c80000,0x00000000d5d80000)
 ParOldGen       total 723968K, used 723933K [0x0000000080000000, 0x00000000ac300000, 0x00000000d5580000)
  object space 723968K, 99% used [0x0000000080000000,0x00000000ac2f7620,0x00000000ac300000)
 Metaspace       used 99114K, committed 100992K, reserved 1179648K
  class space    used 10330K, committed 11200K, reserved 1048576K
}
Event: 1451.794 GC heap before
{Heap before GC invocations=1702 (full 5):
 PSYoungGen      total 8192K, used 7852K [0x00000000d5580000, 0x00000000d5e80000, 0x0000000100000000)
  eden space 7168K, 99% used [0x00000000d5580000,0x00000000d5c7c540,0x00000000d5c80000)
  from space 1024K, 68% used [0x00000000d5d80000,0x00000000d5e2edb8,0x00000000d5e80000)
  to   space 1024K, 0% used [0x00000000d5c80000,0x00000000d5c80000,0x00000000d5d80000)
 ParOldGen       total 723968K, used 723933K [0x0000000080000000, 0x00000000ac300000, 0x00000000d5580000)
  object space 723968K, 99% used [0x0000000080000000,0x00000000ac2f7620,0x00000000ac300000)
 Metaspace       used 99114K, committed 100992K, reserved 1179648K
  class space    used 10330K, committed 11200K, reserved 1048576K
}
Event: 1451.795 GC heap after
{Heap after GC invocations=1702 (full 5):
 PSYoungGen      total 8192K, used 704K [0x00000000d5580000, 0x00000000d5e80000, 0x0000000100000000)
  eden space 7168K, 0% used [0x00000000d5580000,0x00000000d5580000,0x00000000d5c80000)
  from space 1024K, 68% used [0x00000000d5c80000,0x00000000d5d30000,0x00000000d5d80000)
  to   space 1024K, 0% used [0x00000000d5d80000,0x00000000d5d80000,0x00000000d5e80000)
 ParOldGen       total 724480K, used 724309K [0x0000000080000000, 0x00000000ac380000, 0x00000000d5580000)
  object space 724480K, 99% used [0x0000000080000000,0x00000000ac355620,0x00000000ac380000)
 Metaspace       used 99114K, committed 100992K, reserved 1179648K
  class space    used 10330K, committed 11200K, reserved 1048576K
}
Event: 1451.807 GC heap before
{Heap before GC invocations=1703 (full 5):
 PSYoungGen      total 8192K, used 7872K [0x00000000d5580000, 0x00000000d5e80000, 0x0000000100000000)
  eden space 7168K, 100% used [0x00000000d5580000,0x00000000d5c80000,0x00000000d5c80000)
  from space 1024K, 68% used [0x00000000d5c80000,0x00000000d5d30000,0x00000000d5d80000)
  to   space 1024K, 0% used [0x00000000d5d80000,0x00000000d5d80000,0x00000000d5e80000)
 ParOldGen       total 724480K, used 724309K [0x0000000080000000, 0x00000000ac380000, 0x00000000d5580000)
  object space 724480K, 99% used [0x0000000080000000,0x00000000ac355620,0x00000000ac380000)
 Metaspace       used 99114K, committed 100992K, reserved 1179648K
  class space    used 10330K, committed 11200K, reserved 1048576K
}
Event: 1451.808 GC heap after
{Heap after GC invocations=1703 (full 5):
 PSYoungGen      total 7168K, used 1016K [0x00000000d5580000, 0x00000000d6080000, 0x0000000100000000)
  eden space 6144K, 0% used [0x00000000d5580000,0x00000000d5580000,0x00000000d5b80000)
  from space 1024K, 99% used [0x00000000d5d80000,0x00000000d5e7e088,0x00000000d5e80000)
  to   space 2048K, 0% used [0x00000000d5b80000,0x00000000d5b80000,0x00000000d5d80000)
 ParOldGen       total 725504K, used 725086K [0x0000000080000000, 0x00000000ac480000, 0x00000000d5580000)
  object space 725504K, 99% used [0x0000000080000000,0x00000000ac4178e0,0x00000000ac480000)
 Metaspace       used 99114K, committed 100992K, reserved 1179648K
  class space    used 10330K, committed 11200K, reserved 1048576K
}
Event: 1451.818 GC heap before
{Heap before GC invocations=1704 (full 5):
 PSYoungGen      total 7168K, used 7160K [0x00000000d5580000, 0x00000000d6080000, 0x0000000100000000)
  eden space 6144K, 100% used [0x00000000d5580000,0x00000000d5b80000,0x00000000d5b80000)
  from space 1024K, 99% used [0x00000000d5d80000,0x00000000d5e7e088,0x00000000d5e80000)
  to   space 2048K, 0% used [0x00000000d5b80000,0x00000000d5b80000,0x00000000d5d80000)
 ParOldGen       total 725504K, used 725086K [0x0000000080000000, 0x00000000ac480000, 0x00000000d5580000)
  object space 725504K, 99% used [0x0000000080000000,0x00000000ac4178e0,0x00000000ac480000)
 Metaspace       used 99114K, committed 100992K, reserved 1179648K
  class space    used 10330K, committed 11200K, reserved 1048576K
}
Event: 1451.820 GC heap after
{Heap after GC invocations=1704 (full 5):
 PSYoungGen      total 7680K, used 1165K [0x00000000d5580000, 0x00000000d5e80000, 0x0000000100000000)
  eden space 6144K, 0% used [0x00000000d5580000,0x00000000d5580000,0x00000000d5b80000)
  from space 1536K, 75% used [0x00000000d5b80000,0x00000000d5ca3400,0x00000000d5d00000)
  to   space 1536K, 0% used [0x00000000d5d00000,0x00000000d5d00000,0x00000000d5e80000)
 ParOldGen       total 726016K, used 725755K [0x0000000080000000, 0x00000000ac500000, 0x00000000d5580000)
  object space 726016K, 99% used [0x0000000080000000,0x00000000ac4bec30,0x00000000ac500000)
 Metaspace       used 99114K, committed 100992K, reserved 1179648K
  class space    used 10330K, committed 11200K, reserved 1048576K
}
Event: 1451.829 GC heap before
{Heap before GC invocations=1705 (full 5):
 PSYoungGen      total 7680K, used 7309K [0x00000000d5580000, 0x00000000d5e80000, 0x0000000100000000)
  eden space 6144K, 100% used [0x00000000d5580000,0x00000000d5b80000,0x00000000d5b80000)
  from space 1536K, 75% used [0x00000000d5b80000,0x00000000d5ca3400,0x00000000d5d00000)
  to   space 1536K, 0% used [0x00000000d5d00000,0x00000000d5d00000,0x00000000d5e80000)
 ParOldGen       total 726016K, used 725755K [0x0000000080000000, 0x00000000ac500000, 0x00000000d5580000)
  object space 726016K, 99% used [0x0000000080000000,0x00000000ac4bec30,0x00000000ac500000)
 Metaspace       used 99114K, committed 100992K, reserved 1179648K
  class space    used 10330K, committed 11200K, reserved 1048576K
}
Event: 1451.830 GC heap after
{Heap after GC invocations=1705 (full 5):
 PSYoungGen      total 7680K, used 1021K [0x00000000d5580000, 0x00000000d5e80000, 0x0000000100000000)
  eden space 6144K, 0% used [0x00000000d5580000,0x00000000d5580000,0x00000000d5b80000)
  from space 1536K, 66% used [0x00000000d5d00000,0x00000000d5dff4c8,0x00000000d5e80000)
  to   space 1536K, 0% used [0x00000000d5b80000,0x00000000d5b80000,0x00000000d5d00000)
 ParOldGen       total 727040K, used 726679K [0x0000000080000000, 0x00000000ac600000, 0x00000000d5580000)
  object space 727040K, 99% used [0x0000000080000000,0x00000000ac5a5d80,0x00000000ac600000)
 Metaspace       used 99114K, committed 100992K, reserved 1179648K
  class space    used 10330K, committed 11200K, reserved 1048576K
}
Event: 1451.836 GC heap before
{Heap before GC invocations=1706 (full 5):
 PSYoungGen      total 7680K, used 7165K [0x00000000d5580000, 0x00000000d5e80000, 0x0000000100000000)
  eden space 6144K, 100% used [0x00000000d5580000,0x00000000d5b80000,0x00000000d5b80000)
  from space 1536K, 66% used [0x00000000d5d00000,0x00000000d5dff4c8,0x00000000d5e80000)
  to   space 1536K, 0% used [0x00000000d5b80000,0x00000000d5b80000,0x00000000d5d00000)
 ParOldGen       total 727040K, used 726679K [0x0000000080000000, 0x00000000ac600000, 0x00000000d5580000)
  object space 727040K, 99% used [0x0000000080000000,0x00000000ac5a5d80,0x00000000ac600000)
 Metaspace       used 99114K, committed 100992K, reserved 1179648K
  class space    used 10330K, committed 11200K, reserved 1048576K
}
Event: 1451.838 GC heap after
{Heap after GC invocations=1706 (full 5):
 PSYoungGen      total 6656K, used 448K [0x00000000d5580000, 0x00000000d5d80000, 0x0000000100000000)
  eden space 6144K, 0% used [0x00000000d5580000,0x00000000d5580000,0x00000000d5b80000)
  from space 512K, 87% used [0x00000000d5b80000,0x00000000d5bf0000,0x00000000d5c00000)
  to   space 1024K, 0% used [0x00000000d5c80000,0x00000000d5c80000,0x00000000d5d80000)
 ParOldGen       total 727552K, used 727434K [0x0000000080000000, 0x00000000ac680000, 0x00000000d5580000)
  object space 727552K, 99% used [0x0000000080000000,0x00000000ac662948,0x00000000ac680000)
 Metaspace       used 99114K, committed 100992K, reserved 1179648K
  class space    used 10330K, committed 11200K, reserved 1048576K
}
Event: 1451.846 GC heap before
{Heap before GC invocations=1707 (full 5):
 PSYoungGen      total 6656K, used 6494K [0x00000000d5580000, 0x00000000d5d80000, 0x0000000100000000)
  eden space 6144K, 98% used [0x00000000d5580000,0x00000000d5b67a20,0x00000000d5b80000)
  from space 512K, 87% used [0x00000000d5b80000,0x00000000d5bf0000,0x00000000d5c00000)
  to   space 1024K, 0% used [0x00000000d5c80000,0x00000000d5c80000,0x00000000d5d80000)
 ParOldGen       total 727552K, used 727434K [0x0000000080000000, 0x00000000ac680000, 0x00000000d5580000)
  object space 727552K, 99% used [0x0000000080000000,0x00000000ac662948,0x00000000ac680000)
 Metaspace       used 99114K, committed 100992K, reserved 1179648K
  class space    used 10330K, committed 11200K, reserved 1048576K
}
Event: 1451.847 GC heap after
{Heap after GC invocations=1707 (full 5):
 PSYoungGen      total 6656K, used 480K [0x00000000d5580000, 0x00000000d5d00000, 0x0000000100000000)
  eden space 6144K, 0% used [0x00000000d5580000,0x00000000d5580000,0x00000000d5b80000)
  from space 512K, 93% used [0x00000000d5c80000,0x00000000d5cf8000,0x00000000d5d00000)
  to   space 512K, 0% used [0x00000000d5b80000,0x00000000d5b80000,0x00000000d5c00000)
 ParOldGen       total 728064K, used 727706K [0x0000000080000000, 0x00000000ac700000, 0x00000000d5580000)
  object space 728064K, 99% used [0x0000000080000000,0x00000000ac6a6948,0x00000000ac700000)
 Metaspace       used 99114K, committed 100992K, reserved 1179648K
  class space    used 10330K, committed 11200K, reserved 1048576K
}
Event: 1451.870 GC heap before
{Heap before GC invocations=1708 (full 5):
 PSYoungGen      total 6656K, used 6624K [0x00000000d5580000, 0x00000000d5d00000, 0x0000000100000000)
  eden space 6144K, 100% used [0x00000000d5580000,0x00000000d5b80000,0x00000000d5b80000)
  from space 512K, 93% used [0x00000000d5c80000,0x00000000d5cf8000,0x00000000d5d00000)
  to   space 512K, 0% used [0x00000000d5b80000,0x00000000d5b80000,0x00000000d5c00000)
 ParOldGen       total 728064K, used 727706K [0x0000000080000000, 0x00000000ac700000, 0x00000000d5580000)
  object space 728064K, 99% used [0x0000000080000000,0x00000000ac6a6948,0x00000000ac700000)
 Metaspace       used 99121K, committed 100992K, reserved 1179648K
  class space    used 10331K, committed 11200K, reserved 1048576K
}
Event: 1451.871 GC heap after
{Heap after GC invocations=1708 (full 5):
 PSYoungGen      total 6656K, used 512K [0x00000000d5580000, 0x00000000d5d80000, 0x0000000100000000)
  eden space 6144K, 0% used [0x00000000d5580000,0x00000000d5580000,0x00000000d5b80000)
  from space 512K, 100% used [0x00000000d5b80000,0x00000000d5c00000,0x00000000d5c00000)
  to   space 1024K, 0% used [0x00000000d5c80000,0x00000000d5c80000,0x00000000d5d80000)
 ParOldGen       total 728064K, used 727874K [0x0000000080000000, 0x00000000ac700000, 0x00000000d5580000)
  object space 728064K, 99% used [0x0000000080000000,0x00000000ac6d0948,0x00000000ac700000)
 Metaspace       used 99121K, committed 100992K, reserved 1179648K
  class space    used 10331K, committed 11200K, reserved 1048576K
}
Event: 1451.883 GC heap before
{Heap before GC invocations=1709 (full 5):
 PSYoungGen      total 6656K, used 6640K [0x00000000d5580000, 0x00000000d5d80000, 0x0000000100000000)
  eden space 6144K, 99% used [0x00000000d5580000,0x00000000d5b7c248,0x00000000d5b80000)
  from space 512K, 100% used [0x00000000d5b80000,0x00000000d5c00000,0x00000000d5c00000)
  to   space 1024K, 0% used [0x00000000d5c80000,0x00000000d5c80000,0x00000000d5d80000)
 ParOldGen       total 728064K, used 727874K [0x0000000080000000, 0x00000000ac700000, 0x00000000d5580000)
  object space 728064K, 99% used [0x0000000080000000,0x00000000ac6d0948,0x00000000ac700000)
 Metaspace       used 99121K, committed 100992K, reserved 1179648K
  class space    used 10331K, committed 11200K, reserved 1048576K
}
Event: 1451.885 GC heap after
{Heap after GC invocations=1709 (full 5):
 PSYoungGen      total 7168K, used 960K [0x00000000d5580000, 0x00000000d5d80000, 0x0000000100000000)
  eden space 6144K, 0% used [0x00000000d5580000,0x00000000d5580000,0x00000000d5b80000)
  from space 1024K, 93% used [0x00000000d5c80000,0x00000000d5d70020,0x00000000d5d80000)
  to   space 1024K, 0% used [0x00000000d5b80000,0x00000000d5b80000,0x00000000d5c80000)
 ParOldGen       total 728576K, used 728224K [0x0000000080000000, 0x00000000ac780000, 0x00000000d5580000)
  object space 728576K, 99% used [0x0000000080000000,0x00000000ac7280b8,0x00000000ac780000)
 Metaspace       used 99121K, committed 100992K, reserved 1179648K
  class space    used 10331K, committed 11200K, reserved 1048576K
}

Dll operation events (12 events):
Event: 0.006 Loaded shared library c:\Users\ilyes\.vscode\extensions\redhat.java-1.49.0-win32-x64\jre\21.0.9-win32-x86_64\bin\java.dll
Event: 0.035 Loaded shared library c:\Users\ilyes\.vscode\extensions\redhat.java-1.49.0-win32-x64\jre\21.0.9-win32-x86_64\bin\zip.dll
Event: 0.046 Loaded shared library C:\Users\ilyes\.vscode\extensions\redhat.java-1.49.0-win32-x64\jre\21.0.9-win32-x86_64\bin\instrument.dll
Event: 0.049 Loaded shared library C:\Users\ilyes\.vscode\extensions\redhat.java-1.49.0-win32-x64\jre\21.0.9-win32-x86_64\bin\net.dll
Event: 0.050 Loaded shared library C:\Users\ilyes\.vscode\extensions\redhat.java-1.49.0-win32-x64\jre\21.0.9-win32-x86_64\bin\nio.dll
Event: 0.051 Loaded shared library C:\Users\ilyes\.vscode\extensions\redhat.java-1.49.0-win32-x64\jre\21.0.9-win32-x86_64\bin\zip.dll
Event: 0.060 Loaded shared library C:\Users\ilyes\.vscode\extensions\redhat.java-1.49.0-win32-x64\jre\21.0.9-win32-x86_64\bin\jimage.dll
Event: 0.097 Loaded shared library c:\Users\ilyes\.vscode\extensions\redhat.java-1.49.0-win32-x64\jre\21.0.9-win32-x86_64\bin\verify.dll
Event: 0.737 Loaded shared library C:\Users\ilyes\AppData\Roaming\Code\User\globalStorage\redhat.java\1.49.0\config_win\org.eclipse.equinox.launcher\org.eclipse.equinox.launcher.win32.win32.x86_64_1.2.1400.v20250801-0854\eclipse_11916.dll
Event: 1.824 Loaded shared library C:\Users\ilyes\AppData\Local\Temp\jna-100306660\jna10269796973840936164.dll
Event: 7.932 Loaded shared library C:\Users\ilyes\.vscode\extensions\redhat.java-1.49.0-win32-x64\jre\21.0.9-win32-x86_64\bin\sunmscapi.dll
Event: 12.959 Loaded shared library C:\Users\ilyes\.vscode\extensions\redhat.java-1.49.0-win32-x64\jre\21.0.9-win32-x86_64\bin\extnet.dll

Deoptimization events (20 events):
Event: 1451.826 Thread 0x00000200663b3f80 DEOPT PACKING pc=0x000002000be9ddce sp=0x0000001b69bfee20
Event: 1451.826 Thread 0x00000200663b3f80 DEOPT UNPACKING pc=0x0000020010154242 sp=0x0000001b69bfe320 mode 0
Event: 1451.827 Thread 0x00000200663b3f80 DEOPT PACKING pc=0x000002000be9ddce sp=0x0000001b69bfee20
Event: 1451.827 Thread 0x00000200663b3f80 DEOPT UNPACKING pc=0x0000020010154242 sp=0x0000001b69bfe320 mode 0
Event: 1451.833 Thread 0x00000200663b3f80 DEOPT PACKING pc=0x000002000be9ddce sp=0x0000001b69bfee20
Event: 1451.833 Thread 0x00000200663b3f80 DEOPT UNPACKING pc=0x0000020010154242 sp=0x0000001b69bfe320 mode 0
Event: 1451.867 Thread 0x00000200663b3f80 DEOPT PACKING pc=0x000002000bea53a2 sp=0x0000001b69bfebe0
Event: 1451.867 Thread 0x00000200663b3f80 DEOPT UNPACKING pc=0x0000020010154242 sp=0x0000001b69bfe158 mode 0
Event: 1451.874 Thread 0x00000200663b3f80 DEOPT PACKING pc=0x000002000be528a8 sp=0x0000001b69bfec10
Event: 1451.874 Thread 0x00000200663b3f80 DEOPT UNPACKING pc=0x0000020010154242 sp=0x0000001b69bfe178 mode 0
Event: 1451.876 Thread 0x00000200663b3f80 DEOPT PACKING pc=0x000002000bea53a2 sp=0x0000001b69bfebe0
Event: 1451.876 Thread 0x00000200663b3f80 DEOPT UNPACKING pc=0x0000020010154242 sp=0x0000001b69bfe158 mode 0
Event: 1451.878 Thread 0x00000200663b3f80 DEOPT PACKING pc=0x000002000be528a8 sp=0x0000001b69bfec10
Event: 1451.878 Thread 0x00000200663b3f80 DEOPT UNPACKING pc=0x0000020010154242 sp=0x0000001b69bfe178 mode 0
Event: 1451.880 Thread 0x000002006c874a00 Uncommon trap: trap_request=0xffffff45 fr.pc=0x0000020011a2dd50 relative=0x0000000000000550
Event: 1451.880 Thread 0x000002006c874a00 Uncommon trap: reason=unstable_if action=reinterpret pc=0x0000020011a2dd50 method=java.util.concurrent.ForkJoinPool.poolSubmit(ZLjava/util/concurrent/ForkJoinTask;)Ljava/util/concurrent/ForkJoinTask; @ 42 c2
Event: 1451.880 Thread 0x000002006c874a00 DEOPT PACKING pc=0x0000020011a2dd50 sp=0x0000001b66dfdae0
Event: 1451.880 Thread 0x000002006c874a00 DEOPT UNPACKING pc=0x0000020010153aa2 sp=0x0000001b66dfda30 mode 2
Event: 1451.881 Thread 0x00000200663b3f80 DEOPT PACKING pc=0x000002000be528a8 sp=0x0000001b69bfec10
Event: 1451.881 Thread 0x00000200663b3f80 DEOPT UNPACKING pc=0x0000020010154242 sp=0x0000001b69bfe178 mode 0

Classes loaded (20 events):
Event: 1422.834 Loading class javax/net/ssl/SSLPeerUnverifiedException
Event: 1422.834 Loading class javax/net/ssl/SSLPeerUnverifiedException done
Event: 1422.838 Loading class java/security/cert/CertificateParsingException
Event: 1422.838 Loading class java/security/cert/CertificateParsingException done
Event: 1422.838 Loading class javax/naming/NamingException
Event: 1422.838 Loading class javax/naming/NamingException done
Event: 1422.838 Loading class javax/naming/InvalidNameException
Event: 1422.838 Loading class javax/naming/InvalidNameException done
Event: 1422.844 Loading class java/util/concurrent/ConcurrentHashMap$TreeNode
Event: 1422.844 Loading class java/util/concurrent/ConcurrentHashMap$TreeNode done
Event: 1422.844 Loading class java/util/concurrent/ConcurrentHashMap$TreeBin
Event: 1422.844 Loading class java/util/concurrent/ConcurrentHashMap$TreeBin done
Event: 1422.848 Loading class java/net/NoRouteToHostException
Event: 1422.848 Loading class java/net/NoRouteToHostException done
Event: 1422.889 Loading class java/util/concurrent/atomic/AtomicMarkableReference
Event: 1422.889 Loading class java/util/concurrent/atomic/AtomicMarkableReference done
Event: 1422.889 Loading class java/util/concurrent/atomic/AtomicMarkableReference$Pair
Event: 1422.889 Loading class java/util/concurrent/atomic/AtomicMarkableReference$Pair done
Event: 1423.007 Loading class javax/net/DefaultSocketFactory
Event: 1423.007 Loading class javax/net/DefaultSocketFactory done

Classes unloaded (20 events):
Event: 2.113 Thread 0x000002001c544860 Unloading class 0x000002001e1a8c00 'java/lang/invoke/LambdaForm$DMH+0x000002001e1a8c00'
Event: 7.103 Thread 0x000002001c544860 Unloading class 0x000002001e6a4400 'java/lang/invoke/LambdaForm$DMH+0x000002001e6a4400'
Event: 7.103 Thread 0x000002001c544860 Unloading class 0x000002001e6a4800 'java/lang/invoke/LambdaForm$DMH+0x000002001e6a4800'
Event: 505.391 Thread 0x000002001c544860 Unloading class 0x000002001e788c00 'java/lang/invoke/LambdaForm$DMH+0x000002001e788c00'
Event: 505.391 Thread 0x000002001c544860 Unloading class 0x000002001e788000 'java/lang/invoke/LambdaForm$DMH+0x000002001e788000'
Event: 505.391 Thread 0x000002001c544860 Unloading class 0x000002001e77d800 'java/lang/invoke/LambdaForm$MH+0x000002001e77d800'
Event: 505.391 Thread 0x000002001c544860 Unloading class 0x000002001e77d000 'java/lang/invoke/LambdaForm$MH+0x000002001e77d000'
Event: 505.391 Thread 0x000002001c544860 Unloading class 0x000002001e77c800 'java/lang/invoke/LambdaForm$MH+0x000002001e77c800'
Event: 505.391 Thread 0x000002001c544860 Unloading class 0x000002001e77c000 'java/lang/invoke/LambdaForm$MH+0x000002001e77c000'
Event: 505.391 Thread 0x000002001c544860 Unloading class 0x000002001e774400 'java/lang/invoke/LambdaForm$DMH+0x000002001e774400'
Event: 505.391 Thread 0x000002001c544860 Unloading class 0x000002001e591000 'org/springframework/tooling/jdt/ls/commons/classpath/ClasspathListenerManager$ClasspathListener'
Event: 505.391 Thread 0x000002001c544860 Unloading class 0x000002001e58dc00 'org/springframework/tooling/jdt/ls/commons/BootProjectTracker'
Event: 505.391 Thread 0x000002001c544860 Unloading class 0x000002001e356c50 'org/springframework/tooling/jdt/ls/commons/Logger$1'
Event: 505.391 Thread 0x000002001c544860 Unloading class 0x000002001e356a00 'org/springframework/tooling/jdt/ls/commons/Logger$DefaultLogger'
Event: 505.391 Thread 0x000002001c544860 Unloading class 0x000002001e356800 'org/springframework/tooling/jdt/ls/commons/Logger'
Event: 505.391 Thread 0x000002001c544860 Unloading class 0x000002001e35a238 'org/springframework/tooling/jdt/ls/extension/JdtLsExtensionPlugin$$Lambda+0x000002001e35a238'
Event: 505.391 Thread 0x000002001c544860 Unloading class 0x000002001e35a000 'org/springframework/tooling/jdt/ls/extension/JdtLsExtensionPlugin$$Lambda+0x000002001e35a000'
Event: 505.391 Thread 0x000002001c544860 Unloading class 0x000002001e356488 'org/springframework/tooling/jdt/ls/extension/JdtLsExtensionPlugin$1'
Event: 505.391 Thread 0x000002001c544860 Unloading class 0x000002001e356268 'org/springframework/tooling/jdt/ls/extension/JdtLsExtensionPlugin$$Lambda+0x000002001e356268'
Event: 505.391 Thread 0x000002001c544860 Unloading class 0x000002001e356000 'org/springframework/tooling/jdt/ls/extension/JdtLsExtensionPlugin'

Classes redefined (0 events):
No events

Internal exceptions (20 events):
Event: 1451.416 Thread 0x000002006c874a00 Exception <a 'sun/nio/fs/WindowsException'{0x00000000d583e408}> (0x00000000d583e408) 
thrown [s\src\hotspot\share\prims\jni.cpp, line 520]
Event: 1451.416 Thread 0x000002006c874a00 Exception <a 'sun/nio/fs/WindowsException'{0x00000000d583ef08}> (0x00000000d583ef08) 
thrown [s\src\hotspot\share\prims\jni.cpp, line 520]
Event: 1451.597 Thread 0x00000200663b3f80 Exception <a 'sun/nio/fs/WindowsException'{0x00000000d5966780}> (0x00000000d5966780) 
thrown [s\src\hotspot\share\prims\jni.cpp, line 520]
Event: 1451.852 Thread 0x00000200663b3f80 Exception <a 'sun/nio/fs/WindowsException'{0x00000000d56a5518}> (0x00000000d56a5518) 
thrown [s\src\hotspot\share\prims\jni.cpp, line 520]
Event: 1451.856 Thread 0x0000020068edfba0 Exception <a 'sun/nio/fs/WindowsException'{0x00000000d58b8888}> (0x00000000d58b8888) 
thrown [s\src\hotspot\share\prims\jni.cpp, line 520]
Event: 1451.856 Thread 0x0000020068ee0230 Exception <a 'sun/nio/fs/WindowsException'{0x00000000d58b8020}> (0x00000000d58b8020) 
thrown [s\src\hotspot\share\prims\jni.cpp, line 520]
Event: 1451.856 Thread 0x0000020068ee0230 Exception <a 'sun/nio/fs/WindowsException'{0x00000000d58b9750}> (0x00000000d58b9750) 
thrown [s\src\hotspot\share\prims\jni.cpp, line 520]
Event: 1451.856 Thread 0x0000020068edfba0 Exception <a 'sun/nio/fs/WindowsException'{0x00000000d58b9e70}> (0x00000000d58b9e70) 
thrown [s\src\hotspot\share\prims\jni.cpp, line 520]
Event: 1451.863 Thread 0x00000200663b3f80 Exception <a 'sun/nio/fs/WindowsException'{0x00000000d594ae18}> (0x00000000d594ae18) 
thrown [s\src\hotspot\share\prims\jni.cpp, line 520]
Event: 1451.868 Thread 0x000002006c874a00 Exception <a 'sun/nio/fs/WindowsException'{0x00000000d59b0778}> (0x00000000d59b0778) 
thrown [s\src\hotspot\share\prims\jni.cpp, line 520]
Event: 1451.868 Thread 0x000002006c874a00 Exception <a 'sun/nio/fs/WindowsException'{0x00000000d59b1278}> (0x00000000d59b1278) 
thrown [s\src\hotspot\share\prims\jni.cpp, line 520]
Event: 1451.870 Thread 0x000002006c874a00 Exception <a 'sun/nio/fs/WindowsException'{0x00000000d5acaed0}> (0x00000000d5acaed0) 
thrown [s\src\hotspot\share\prims\jni.cpp, line 520]
Event: 1451.870 Thread 0x000002006c874a00 Exception <a 'sun/nio/fs/WindowsException'{0x00000000d5acb9d0}> (0x00000000d5acb9d0) 
thrown [s\src\hotspot\share\prims\jni.cpp, line 520]
Event: 1451.880 Thread 0x000002006c874a00 Exception <a 'sun/nio/fs/WindowsException'{0x00000000d5901978}> (0x00000000d5901978) 
thrown [s\src\hotspot\share\prims\jni.cpp, line 520]
Event: 1451.880 Thread 0x0000020068ee15e0 Exception <a 'sun/nio/fs/WindowsException'{0x00000000d5a14560}> (0x00000000d5a14560) 
thrown [s\src\hotspot\share\prims\jni.cpp, line 520]
Event: 1451.881 Thread 0x0000020068ee15e0 Exception <a 'sun/nio/fs/WindowsException'{0x00000000d5a159f0}> (0x00000000d5a159f0) 
thrown [s\src\hotspot\share\prims\jni.cpp, line 520]
Event: 1451.881 Thread 0x000002005ec34080 Exception <a 'sun/nio/fs/WindowsException'{0x00000000d5a66108}> (0x00000000d5a66108) 
thrown [s\src\hotspot\share\prims\jni.cpp, line 520]
Event: 1451.882 Thread 0x000002005ec31290 Exception <a 'sun/nio/fs/WindowsException'{0x00000000d5a91a90}> (0x00000000d5a91a90) 
thrown [s\src\hotspot\share\prims\jni.cpp, line 520]
Event: 1451.882 Thread 0x000002005ec35430 Exception <a 'sun/nio/fs/WindowsException'{0x00000000d5ac5df0}> (0x00000000d5ac5df0) 
thrown [s\src\hotspot\share\prims\jni.cpp, line 520]
Event: 1451.882 Thread 0x000002005ec30c00 Exception <a 'sun/nio/fs/WindowsException'{0x00000000d5ab94a0}> (0x00000000d5ab94a0) 
thrown [s\src\hotspot\share\prims\jni.cpp, line 520]

ZGC Phase Switch (0 events):
No events

VM Operations (20 events):
Event: 1451.777 Executing VM operation: ParallelGCSystemGC (GCLocker Initiated GC)
Event: 1451.778 Executing VM operation: ParallelGCSystemGC (GCLocker Initiated GC) done
Event: 1451.784 Executing VM operation: ParallelGCFailedAllocation (Allocation Failure)
Event: 1451.785 Executing VM operation: ParallelGCFailedAllocation (Allocation Failure) done
Event: 1451.794 Executing VM operation: ParallelGCFailedAllocation (Allocation Failure)
Event: 1451.795 Executing VM operation: ParallelGCFailedAllocation (Allocation Failure) done
Event: 1451.807 Executing VM operation: ParallelGCFailedAllocation (Allocation Failure)
Event: 1451.808 Executing VM operation: ParallelGCFailedAllocation (Allocation Failure) done
Event: 1451.818 Executing VM operation: ParallelGCFailedAllocation (Allocation Failure)
Event: 1451.820 Executing VM operation: ParallelGCFailedAllocation (Allocation Failure) done
Event: 1451.829 Executing VM operation: ParallelGCFailedAllocation (Allocation Failure)
Event: 1451.830 Executing VM operation: ParallelGCFailedAllocation (Allocation Failure) done
Event: 1451.836 Executing VM operation: ParallelGCFailedAllocation (Allocation Failure)
Event: 1451.838 Executing VM operation: ParallelGCFailedAllocation (Allocation Failure) done
Event: 1451.846 Executing VM operation: ParallelGCFailedAllocation (Allocation Failure)
Event: 1451.847 Executing VM operation: ParallelGCFailedAllocation (Allocation Failure) done
Event: 1451.870 Executing VM operation: ParallelGCFailedAllocation (Allocation Failure)
Event: 1451.871 Executing VM operation: ParallelGCFailedAllocation (Allocation Failure) done
Event: 1451.883 Executing VM operation: ParallelGCFailedAllocation (Allocation Failure)
Event: 1451.885 Executing VM operation: ParallelGCFailedAllocation (Allocation Failure) done

Memory protections (0 events):
No events

Nmethod flushes (20 events):
Event: 864.104 Thread 0x000002001c544860 flushing  nmethod 0x000002000b021890
Event: 864.104 Thread 0x000002001c544860 flushing  nmethod 0x000002000b021e10
Event: 864.104 Thread 0x000002001c544860 flushing  nmethod 0x000002000b024610
Event: 864.104 Thread 0x000002001c544860 flushing  nmethod 0x000002000b037a10
Event: 864.104 Thread 0x000002001c544860 flushing  nmethod 0x000002000b088e10
Event: 864.104 Thread 0x000002001c544860 flushing  nmethod 0x000002000b096510
Event: 864.104 Thread 0x000002001c544860 flushing  nmethod 0x000002000b0a2c10
Event: 864.104 Thread 0x000002001c544860 flushing  nmethod 0x000002000b118890
Event: 864.104 Thread 0x000002001c544860 flushing  nmethod 0x000002000b119310
Event: 864.104 Thread 0x000002001c544860 flushing  nmethod 0x000002000b119b90
Event: 864.104 Thread 0x000002001c544860 flushing  nmethod 0x000002000b11a190
Event: 864.104 Thread 0x000002001c544860 flushing  nmethod 0x000002000b11b890
Event: 864.104 Thread 0x000002001c544860 flushing  nmethod 0x000002000b11c490
Event: 864.104 Thread 0x000002001c544860 flushing osr nmethod 0x000002000b133810
Event: 864.104 Thread 0x000002001c544860 flushing  nmethod 0x000002000b138210
Event: 864.104 Thread 0x000002001c544860 flushing  nmethod 0x000002000b166a90
Event: 864.104 Thread 0x000002001c544860 flushing  nmethod 0x000002000b179c10
Event: 864.104 Thread 0x000002001c544860 flushing  nmethod 0x000002000b28ee90
Event: 864.104 Thread 0x000002001c544860 flushing  nmethod 0x000002000b2b7a10
Event: 864.104 Thread 0x000002001c544860 flushing  nmethod 0x000002000b2ceb90

Events (20 events):
Event: 1451.107 Thread 0x0000020068ee0230 Thread exited: 0x0000020068ee0230
Event: 1451.113 Thread 0x0000020066c51b70 Thread added: 0x0000020066c4f960
Event: 1451.134 Thread 0x000002005e96a840 Thread added: 0x0000020069226440
Event: 1451.134 Thread 0x000002005e96a840 Thread added: 0x000002006922b600
Event: 1451.353 Thread 0x000002006922b600 Thread exited: 0x000002006922b600
Event: 1451.357 Thread 0x0000020069226440 Thread exited: 0x0000020069226440
Event: 1451.359 Thread 0x000002005ec2fee0 Thread added: 0x0000020068ee2300
Event: 1451.360 Thread 0x0000020068ee2300 Thread added: 0x0000020068ee0230
Event: 1451.360 Thread 0x0000020068ee2300 Thread added: 0x0000020068ee4a60
Event: 1451.419 Thread 0x000002005e95cc90 Thread added: 0x0000020069226440
Event: 1451.500 Thread 0x0000020069226440 Thread added: 0x0000020066433700
Event: 1451.609 Thread 0x000002005e96a840 Thread added: 0x0000020066433030
Event: 1451.880 Thread 0x000002006c874a00 Thread added: 0x0000020068ee15e0
Event: 1451.881 Thread 0x0000020068ee15e0 Thread added: 0x000002005ec34080
Event: 1451.881 Thread 0x0000020068ee15e0 Thread added: 0x000002005ec31290
Event: 1451.881 Thread 0x0000020068ee15e0 Thread added: 0x000002005ec31920
Event: 1451.881 Thread 0x000002005ec31290 Thread added: 0x000002005ec30c00
Event: 1451.881 Thread 0x000002005ec34080 Thread added: 0x000002005ec35430
Event: 1451.881 Thread 0x000002005ec31920 Thread added: 0x000002005ec35ac0
Event: 1451.882 Thread 0x000002005ec30c00 Thread added: 0x000002005ec339f0


Dynamic libraries:
0x00007ff7c0e30000 - 0x00007ff7c0e3e000 	c:\Users\ilyes\.vscode\extensions\redhat.java-1.49.0-win32-x64\jre\21.0.9-win32-x86_64\bin\java.exe
0x00007ff8e9160000 - 0x00007ff8e93c8000 	C:\WINDOWS\SYSTEM32\ntdll.dll
0x00007ff8e7370000 - 0x00007ff8e7439000 	C:\WINDOWS\System32\KERNEL32.DLL
0x00007ff8e64b0000 - 0x00007ff8e68a8000 	C:\WINDOWS\System32\KERNELBASE.dll
0x00007ff8e1e40000 - 0x00007ff8e1edf000 	C:\WINDOWS\SYSTEM32\apphelp.dll
0x00007ff8e6360000 - 0x00007ff8e64ab000 	C:\WINDOWS\System32\ucrtbase.dll
0x00007ff8cc700000 - 0x00007ff8cc718000 	c:\Users\ilyes\.vscode\extensions\redhat.java-1.49.0-win32-x64\jre\21.0.9-win32-x86_64\bin\jli.dll
0x00007ff8ccd90000 - 0x00007ff8ccdae000 	c:\Users\ilyes\.vscode\extensions\redhat.java-1.49.0-win32-x64\jre\21.0.9-win32-x86_64\bin\VCRUNTIME140.dll
0x00007ff8e88d0000 - 0x00007ff8e8a97000 	C:\WINDOWS\System32\USER32.dll
0x00007ff8c98b0000 - 0x00007ff8c9b44000 	C:\WINDOWS\WinSxS\amd64_microsoft.windows.common-controls_6595b64144ccf1df_6.0.26100.7019_none_3e06ffa0e335b8a8\COMCTL32.dll
0x00007ff8e6d50000 - 0x00007ff8e6d77000 	C:\WINDOWS\System32\win32u.dll
0x00007ff8e7f70000 - 0x00007ff8e8019000 	C:\WINDOWS\System32\msvcrt.dll
0x00007ff8e8ba0000 - 0x00007ff8e8bcb000 	C:\WINDOWS\System32\GDI32.dll
0x00007ff8e6a20000 - 0x00007ff8e6b4c000 	C:\WINDOWS\System32\gdi32full.dll
0x00007ff8e62b0000 - 0x00007ff8e6353000 	C:\WINDOWS\System32\msvcp_win.dll
0x00007ff8e7190000 - 0x00007ff8e71c1000 	C:\WINDOWS\System32\IMM32.DLL
0x00007ff8df930000 - 0x00007ff8df93c000 	c:\Users\ilyes\.vscode\extensions\redhat.java-1.49.0-win32-x64\jre\21.0.9-win32-x86_64\bin\vcruntime140_1.dll
0x00007ff897190000 - 0x00007ff89721d000 	c:\Users\ilyes\.vscode\extensions\redhat.java-1.49.0-win32-x64\jre\21.0.9-win32-x86_64\bin\msvcp140.dll
0x00007ff8630e0000 - 0x00007ff863e80000 	c:\Users\ilyes\.vscode\extensions\redhat.java-1.49.0-win32-x64\jre\21.0.9-win32-x86_64\bin\server\jvm.dll
0x00007ff8e7dd0000 - 0x00007ff8e7e84000 	C:\WINDOWS\System32\ADVAPI32.dll
0x00007ff8e8220000 - 0x00007ff8e82c6000 	C:\WINDOWS\System32\sechost.dll
0x00007ff8e7ca0000 - 0x00007ff8e7db8000 	C:\WINDOWS\System32\RPCRT4.dll
0x00007ff8e70a0000 - 0x00007ff8e7114000 	C:\WINDOWS\System32\WS2_32.dll
0x00007ff8e4ed0000 - 0x00007ff8e4f2e000 	C:\WINDOWS\SYSTEM32\POWRPROF.dll
0x00007ff8dc0c0000 - 0x00007ff8dc0cb000 	C:\WINDOWS\SYSTEM32\VERSION.dll
0x00007ff8e2cd0000 - 0x00007ff8e2d05000 	C:\WINDOWS\SYSTEM32\WINMM.dll
0x00007ff8e4eb0000 - 0x00007ff8e4ec4000 	C:\WINDOWS\SYSTEM32\UMPDC.dll
0x00007ff8e5190000 - 0x00007ff8e51ab000 	C:\WINDOWS\SYSTEM32\kernel.appcore.dll
0x00007ff8dcdf0000 - 0x00007ff8dcdfa000 	c:\Users\ilyes\.vscode\extensions\redhat.java-1.49.0-win32-x64\jre\21.0.9-win32-x86_64\bin\jimage.dll
0x00007ff8e38f0000 - 0x00007ff8e3b32000 	C:\WINDOWS\SYSTEM32\DBGHELP.DLL
0x00007ff8e8d90000 - 0x00007ff8e911b000 	C:\WINDOWS\System32\combase.dll
0x00007ff8e7e90000 - 0x00007ff8e7f67000 	C:\WINDOWS\System32\OLEAUT32.dll
0x00007ff8c1050000 - 0x00007ff8c108c000 	C:\WINDOWS\SYSTEM32\dbgcore.DLL
0x00007ff8e68b0000 - 0x00007ff8e6955000 	C:\WINDOWS\System32\bcryptPrimitives.dll
0x00007ff8dd0a0000 - 0x00007ff8dd0af000 	c:\Users\ilyes\.vscode\extensions\redhat.java-1.49.0-win32-x64\jre\21.0.9-win32-x86_64\bin\instrument.dll
0x00007ff8c8f30000 - 0x00007ff8c8f50000 	c:\Users\ilyes\.vscode\extensions\redhat.java-1.49.0-win32-x64\jre\21.0.9-win32-x86_64\bin\java.dll
0x00007ff8e7440000 - 0x00007ff8e7b8f000 	C:\WINDOWS\System32\SHELL32.dll
0x00007ff8e6be0000 - 0x00007ff8e6d4b000 	C:\WINDOWS\System32\wintypes.dll
0x00007ff8e3ee0000 - 0x00007ff8e473d000 	C:\WINDOWS\SYSTEM32\windows.storage.dll
0x00007ff8e7ba0000 - 0x00007ff8e7c92000 	C:\WINDOWS\System32\SHCORE.dll
0x00007ff8e82d0000 - 0x00007ff8e8337000 	C:\WINDOWS\System32\shlwapi.dll
0x00007ff8e61d0000 - 0x00007ff8e61f9000 	C:\WINDOWS\SYSTEM32\profapi.dll
0x00007ff8c8b70000 - 0x00007ff8c8b88000 	c:\Users\ilyes\.vscode\extensions\redhat.java-1.49.0-win32-x64\jre\21.0.9-win32-x86_64\bin\zip.dll
0x00007ff8cc870000 - 0x00007ff8cc880000 	C:\Users\ilyes\.vscode\extensions\redhat.java-1.49.0-win32-x64\jre\21.0.9-win32-x86_64\bin\net.dll
0x00007ff8df6e0000 - 0x00007ff8df808000 	C:\WINDOWS\SYSTEM32\WINHTTP.dll
0x00007ff8e5700000 - 0x00007ff8e576b000 	C:\WINDOWS\system32\mswsock.dll
0x00007ff8c7f30000 - 0x00007ff8c7f46000 	C:\Users\ilyes\.vscode\extensions\redhat.java-1.49.0-win32-x64\jre\21.0.9-win32-x86_64\bin\nio.dll
0x00007ff8cc840000 - 0x00007ff8cc850000 	c:\Users\ilyes\.vscode\extensions\redhat.java-1.49.0-win32-x64\jre\21.0.9-win32-x86_64\bin\verify.dll
0x00007ff8bb100000 - 0x00007ff8bb144000 	C:\Users\ilyes\AppData\Roaming\Code\User\globalStorage\redhat.java\1.49.0\config_win\org.eclipse.equinox.launcher\org.eclipse.equinox.launcher.win32.win32.x86_64_1.2.1400.v20250801-0854\eclipse_11916.dll
0x00007ff8e8bd0000 - 0x00007ff8e8d67000 	C:\WINDOWS\System32\ole32.dll
0x00007ff8e59c0000 - 0x00007ff8e59db000 	C:\WINDOWS\SYSTEM32\CRYPTSP.dll
0x00007ff8e50f0000 - 0x00007ff8e512a000 	C:\WINDOWS\system32\rsaenh.dll
0x00007ff8e57b0000 - 0x00007ff8e57db000 	C:\WINDOWS\SYSTEM32\USERENV.dll
0x00007ff8e61a0000 - 0x00007ff8e61ca000 	C:\WINDOWS\SYSTEM32\bcrypt.dll
0x00007ff8e59e0000 - 0x00007ff8e59ec000 	C:\WINDOWS\SYSTEM32\CRYPTBASE.dll
0x00007ff8e4c30000 - 0x00007ff8e4c64000 	C:\WINDOWS\SYSTEM32\IPHLPAPI.DLL
0x00007ff8e8200000 - 0x00007ff8e820a000 	C:\WINDOWS\System32\NSI.dll
0x00007ff8aa4b0000 - 0x00007ff8aa4f9000 	C:\Users\ilyes\AppData\Local\Temp\jna-100306660\jna10269796973840936164.dll
0x00007ff8e7180000 - 0x00007ff8e7188000 	C:\WINDOWS\System32\PSAPI.DLL
0x00007ff8df840000 - 0x00007ff8df85e000 	C:\WINDOWS\SYSTEM32\dhcpcsvc6.DLL
0x00007ff8df810000 - 0x00007ff8df833000 	C:\WINDOWS\SYSTEM32\dhcpcsvc.DLL
0x00007ff8ca8e0000 - 0x00007ff8ca8ee000 	C:\Users\ilyes\.vscode\extensions\redhat.java-1.49.0-win32-x64\jre\21.0.9-win32-x86_64\bin\sunmscapi.dll
0x00007ff8e6d80000 - 0x00007ff8e6ef7000 	C:\WINDOWS\System32\CRYPT32.dll
0x00007ff8e5be0000 - 0x00007ff8e5c10000 	C:\WINDOWS\SYSTEM32\ncrypt.dll
0x00007ff8e5b90000 - 0x00007ff8e5bcf000 	C:\WINDOWS\SYSTEM32\NTASN1.dll
0x00007ff8ca7c0000 - 0x00007ff8ca7c9000 	C:\Users\ilyes\.vscode\extensions\redhat.java-1.49.0-win32-x64\jre\21.0.9-win32-x86_64\bin\extnet.dll
0x00007ff8aac20000 - 0x00007ff8aac28000 	C:\WINDOWS\system32\wshunix.dll
0x00007ff8e4c70000 - 0x00007ff8e4d9c000 	C:\WINDOWS\SYSTEM32\DNSAPI.dll
0x00007ff8ded20000 - 0x00007ff8ded2b000 	C:\Windows\System32\rasadhlp.dll
0x00007ff8e0e70000 - 0x00007ff8e0ef6000 	C:\WINDOWS\System32\fwpuclnt.dll

JVMTI agents:
c:\Users\ilyes\.vscode\extensions\redhat.java-1.49.0-win32-x64\lombok\lombok-1.18.39-4050.jar path:c:\Users\ilyes\.vscode\extensions\redhat.java-1.49.0-win32-x64\jre\21.0.9-win32-x86_64\bin\instrument.dll, loaded, initialized, instrumentlib options:none

dbghelp: loaded successfully - version: 4.0.5 - missing functions: none
symbol engine: initialized successfully - sym options: 0x614 - pdb path: .;c:\Users\ilyes\.vscode\extensions\redhat.java-1.49.0-win32-x64\jre\21.0.9-win32-x86_64\bin;C:\WINDOWS\SYSTEM32;C:\WINDOWS\WinSxS\amd64_microsoft.windows.common-controls_6595b64144ccf1df_6.0.26100.7019_none_3e06ffa0e335b8a8;c:\Users\ilyes\.vscode\extensions\redhat.java-1.49.0-win32-x64\jre\21.0.9-win32-x86_64\bin\server;C:\Users\ilyes\AppData\Roaming\Code\User\globalStorage\redhat.java\1.49.0\config_win\org.eclipse.equinox.launcher\org.eclipse.equinox.launcher.win32.win32.x86_64_1.2.1400.v20250801-0854;C:\Users\ilyes\AppData\Local\Temp\jna-100306660

VM Arguments:
jvm_args: --add-modules=ALL-SYSTEM --add-opens=java.base/java.util=ALL-UNNAMED --add-opens=java.base/java.lang=ALL-UNNAMED --add-opens=java.base/sun.nio.fs=ALL-UNNAMED -Declipse.application=org.eclipse.jdt.ls.core.id1 -Dosgi.bundles.defaultStartLevel=4 -Declipse.product=org.eclipse.jdt.ls.core.product -Djava.import.generatesMetadataFilesAtProjectRoot=false -DDetectVMInstallationsJob.disabled=true -Dfile.encoding=utf8 -XX:+UseParallelGC -XX:GCTimeRatio=4 -XX:AdaptiveSizePolicyWeight=90 -Dsun.zip.disableMemoryMapping=true -Xmx2G -Xms100m -Xlog:disable -javaagent:c:\Users\ilyes\.vscode\extensions\redhat.java-1.49.0-win32-x64\lombok\lombok-1.18.39-4050.jar -XX:+HeapDumpOnOutOfMemoryError -XX:HeapDumpPath=c:\Users\ilyes\AppData\Roaming\Code\User\workspaceStorage\cdbb154c360221db173f0bf144de973e\redhat.java -Daether.dependencyCollector.impl=bf 
java_command: c:\Users\ilyes\.vscode\extensions\redhat.java-1.49.0-win32-x64\server\plugins\org.eclipse.equinox.launcher_1.7.100.v20251111-0406.jar -configuration c:\Users\ilyes\AppData\Roaming\Code\User\globalStorage\redhat.java\1.49.0\config_win -data c:\Users\ilyes\AppData\Roaming\Code\User\workspaceStorage\cdbb154c360221db173f0bf144de973e\redhat.java\jdt_ws --pipe=\\.\pipe\lsp-bb7871b7dc937d2ad29643a8246f5325-sock
java_class_path (initial): c:\Users\ilyes\.vscode\extensions\redhat.java-1.49.0-win32-x64\server\plugins\org.eclipse.equinox.launcher_1.7.100.v20251111-0406.jar
Launcher Type: SUN_STANDARD

[Global flags]
    uintx AdaptiveSizePolicyWeight                 = 90                                        {product} {command line}
     intx CICompilerCount                          = 12                                        {product} {ergonomic}
    uintx GCTimeRatio                              = 4                                         {product} {command line}
     bool HeapDumpOnOutOfMemoryError               = true                                   {manageable} {command line}
    ccstr HeapDumpPath                             = c:\Users\ilyes\AppData\Roaming\Code\User\workspaceStorage\cdbb154c360221db173f0bf144de973e\redhat.java         {manageable} {command line}
   size_t InitialHeapSize                          = 104857600                                 {product} {command line}
   size_t MaxHeapSize                              = 2147483648                                {product} {command line}
   size_t MaxNewSize                               = 715653120                                 {product} {ergonomic}
   size_t MinHeapDeltaBytes                        = 524288                                    {product} {ergonomic}
   size_t MinHeapSize                              = 104857600                                 {product} {command line}
   size_t NewSize                                  = 34603008                                  {product} {ergonomic}
    uintx NonNMethodCodeHeapSize                   = 7602480                                {pd product} {ergonomic}
    uintx NonProfiledCodeHeapSize                  = 122027880                              {pd product} {ergonomic}
   size_t OldSize                                  = 70254592                                  {product} {ergonomic}
    uintx ProfiledCodeHeapSize                     = 122027880                              {pd product} {ergonomic}
    uintx ReservedCodeCacheSize                    = 251658240                              {pd product} {ergonomic}
     bool SegmentedCodeCache                       = true                                      {product} {ergonomic}
   size_t SoftMaxHeapSize                          = 2147483648                             {manageable} {ergonomic}
     bool UseCompressedOops                        = true                           {product lp64_product} {ergonomic}
     bool UseLargePagesIndividualAllocation        = false                                  {pd product} {ergonomic}
     bool UseParallelGC                            = true                                      {product} {command line}

Logging:
Log output configuration:
 #0: stdout all=off uptime,level,tags foldmultilines=false
 #1: stderr all=off uptime,level,tags foldmultilines=false

Release file:
JAVA_VERSION="21.0.9" 
MODULES="java.base java.compiler java.datatransfer java.xml java.prefs java.desktop java.instrument java.logging java.management java.security.sasl java.naming java.rmi java.management.rmi java.net.http java.scripting java.security.jgss java.transaction.xa java.sql java.sql.rowset java.xml.crypto java.se java.smartcardio jdk.accessibility jdk.internal.jvmstat jdk.attach jdk.charsets jdk.internal.opt jdk.zipfs jdk.compiler jdk.crypto.ec jdk.crypto.cryptoki jdk.crypto.mscapi jdk.dynalink jdk.internal.ed jdk.editpad jdk.hotspot.agent jdk.httpserver jdk.internal.le jdk.internal.vm.ci jdk.internal.vm.compiler jdk.internal.vm.compiler.management jdk.jartool jdk.javadoc jdk.jcmd jdk.management jdk.management.agent jdk.jconsole jdk.jdeps jdk.jdwp.agent jdk.jdi jdk.jfr jdk.jshell jdk.jsobject jdk.jstatd jdk.localedata jdk.management.jfr jdk.naming.dns jdk.naming.rmi jdk.net jdk.nio.mapmode jdk.random jdk.sctp jdk.security.auth jdk.security.jgss jdk.unsupported jdk.unsupported.desktop jdk.xml.dom" 

Environment Variables:
JAVA_HOME=C:\Program Files\Java\jdk-11\bin
PATH=C:\Program Files\Java\jdk-11.0.20\bin\bin;C:\Program Files (x86)\Common Files\Oracle\Java\javapath;C:\Program Files\Java\jdk-11.0.20\bin;C:\Program Files (x86)\Common Files\Oracle\Java\javapath;C:\Program Files\Java\jdk-11.0.20\bin;C:\Program Files\Java\jdk-11.0.20\bin\bin;C:\Program Files (x86)\Common Files\Oracle\Java\javapath;C:\Program Files\Java\jdk-11.0.20\bin;C:\Program Files (x86)\Common Files\Oracle\Java\javapath;C:\Program Files\Java\jdk-11.0.20\bin;%PATH%;C:\Users\ilyes\AppData\Local\Programs\Python\Python310\Scripts\;C:\Users\ilyes\AppData\Local\Programs\Python\Python310\;C:\Users\ilyes\AppData\Local\Programs\Python\Launcher\;C:\Users\ilyes\AppData\Local\Microsoft\WindowsApps;C:\Users\ilyes\AppData\Local\Programs\Microsoft VS Code\bin;C:\Users\ilyes\AppData\Roaming\npm;C:\Users\ilyes\AppData\Roaming\Composer\vendor\bin;C:\flutter\bin;C:\spark\bin;C:\hadoop\bin;C:\Users\ilyes\AppData\Local\Programs\Python\Python310\Scripts\;C:\Users\ilyes\AppData\Local\Programs\Python\Python310\;C:\Users\ilyes\AppD;C:\Users\ilyes\AppData\Local\Programs\Python\Python310\Scripts\;C:\Users\ilyes\AppData\Local\Programs\Python\Python310\;C:\Users\ilyes\AppData\Local\Programs\Python\Launcher\;C:\Users\ilyes\AppData\Local\Microsoft\WindowsApps;C:\Users\ilyes\AppData\Local\Programs\Microsoft VS Code\bin;C:\Users\ilyes\AppData\Roaming\npm;C:\Users\ilyes\AppData\Roaming\Composer\vendor\bin;C:\flutter\bin;C:\spark\bin;C:\hadoop\bin;
USERNAME=ilyes
OS=Windows_NT
PROCESSOR_IDENTIFIER=Intel64 Family 6 Model 183 Stepping 1, GenuineIntel
TMP=C:\Users\ilyes\AppData\Local\Temp
TEMP=C:\Users\ilyes\AppData\Local\Temp




Periodic native trim disabled

---------------  S Y S T E M  ---------------

OS:
 Windows 11 , 64 bit Build 26100 (10.0.26100.7019)
OS uptime: 0 days 5:18 hours
Hyper-V role detected

CPU: total 20 (initial active 20) (10 cores per cpu, 2 threads per core) family 6 model 183 stepping 1 microcode 0x12f, cx8, cmov, fxsr, ht, mmx, 3dnowpref, sse, sse2, sse3, ssse3, sse4.1, sse4.2, popcnt, lzcnt, tsc, tscinvbit, avx, avx2, aes, erms, clmul, bmi1, bmi2, adx, sha, fma, vzeroupper, clflush, clflushopt, clwb, hv, serialize, rdtscp, rdpid, fsrm, f16c, cet_ibt, cet_ss
Processor Information for processor 0
  Max Mhz: 2600, Current Mhz: 2600, Mhz Limit: 2600
Processor Information for processor 1
  Max Mhz: 2600, Current Mhz: 2600, Mhz Limit: 2600
Processor Information for processor 2
  Max Mhz: 2600, Current Mhz: 2600, Mhz Limit: 2600
Processor Information for processor 3
  Max Mhz: 2600, Current Mhz: 2600, Mhz Limit: 2600
Processor Information for processor 4
  Max Mhz: 2600, Current Mhz: 2600, Mhz Limit: 2600
Processor Information for processor 5
  Max Mhz: 2600, Current Mhz: 2600, Mhz Limit: 2600
Processor Information for processor 6
  Max Mhz: 2600, Current Mhz: 2600, Mhz Limit: 2600
Processor Information for processor 7
  Max Mhz: 2600, Current Mhz: 2600, Mhz Limit: 2600
Processor Information for processor 8
  Max Mhz: 2600, Current Mhz: 2600, Mhz Limit: 2600
Processor Information for processor 9
  Max Mhz: 2600, Current Mhz: 2600, Mhz Limit: 2600
Processor Information for processor 10
  Max Mhz: 2600, Current Mhz: 2600, Mhz Limit: 2600
Processor Information for processor 11
  Max Mhz: 2600, Current Mhz: 2600, Mhz Limit: 2600
Processor Information for processor 12
  Max Mhz: 2600, Current Mhz: 2600, Mhz Limit: 2600
Processor Information for processor 13
  Max Mhz: 2600, Current Mhz: 1505, Mhz Limit: 2600
Processor Information for processor 14
  Max Mhz: 2600, Current Mhz: 2600, Mhz Limit: 2600
Processor Information for processor 15
  Max Mhz: 2600, Current Mhz: 1505, Mhz Limit: 2600
Processor Information for processor 16
  Max Mhz: 2600, Current Mhz: 1505, Mhz Limit: 2600
Processor Information for processor 17
  Max Mhz: 2600, Current Mhz: 1505, Mhz Limit: 2600
Processor Information for processor 18
  Max Mhz: 2600, Current Mhz: 1505, Mhz Limit: 2600
Processor Information for processor 19
  Max Mhz: 2600, Current Mhz: 2600, Mhz Limit: 2600

Memory: 4k page, system-wide physical 16068M (3243M free)
TotalPageFile size 16068M (AvailPageFile size 7M)
current process WorkingSet (physical memory assigned to process): 1136M, peak: 1417M
current process commit charge ("private bytes"): 1195M, peak: 1829M

vm_info: OpenJDK 64-Bit Server VM (21.0.9+10-LTS) for windows-amd64 JRE (21.0.9+10-LTS), built on 2025-10-21T00:00:00Z by "admin" with unknown MS VC++:1942

END.
